
*** Running vivado
    with args -log dist_mem_gen_1.vds -m64 -product Vivado -mode batch -messageDb vivado.pb -notrace -source dist_mem_gen_1.tcl


****** Vivado v2016.4 (64-bit)
  **** SW Build 1756540 on Mon Jan 23 19:11:23 MST 2017
  **** IP Build 1755317 on Mon Jan 23 20:30:07 MST 2017
    ** Copyright 1986-2016 Xilinx, Inc. All Rights Reserved.

source dist_mem_gen_1.tcl -notrace
Starting RTL Elaboration : Time (s): cpu = 00:00:06 ; elapsed = 00:00:09 . Memory (MB): peak = 292.254 ; gain = 82.152
INFO: [Synth 8-638] synthesizing module 'dist_mem_gen_1' [c:/Users/Vignesh/Documents/FinalYearProject/Zybo_Audio/ZyboAudio/ZyboAudio.srcs/sources_1/ip/dist_mem_gen_1/synth/dist_mem_gen_1.vhd:70]
INFO: [Synth 8-256] done synthesizing module 'dist_mem_gen_1' (4#1) [c:/Users/Vignesh/Documents/FinalYearProject/Zybo_Audio/ZyboAudio/ZyboAudio.srcs/sources_1/ip/dist_mem_gen_1/synth/dist_mem_gen_1.vhd:70]
Finished RTL Elaboration : Time (s): cpu = 00:00:07 ; elapsed = 00:00:11 . Memory (MB): peak = 330.688 ; gain = 120.586
Finished RTL Optimization Phase 1 : Time (s): cpu = 00:00:07 ; elapsed = 00:00:11 . Memory (MB): peak = 330.688 ; gain = 120.586
INFO: [Device 21-403] Loading part xc7z010clg400-1
Constraint Validation Runtime : Time (s): cpu = 00:00:00 ; elapsed = 00:00:00.066 . Memory (MB): peak = 617.742 ; gain = 0.000
Finished Constraint Validation : Time (s): cpu = 00:00:15 ; elapsed = 00:00:22 . Memory (MB): peak = 617.742 ; gain = 407.641
Finished Loading Part and Timing Information : Time (s): cpu = 00:00:15 ; elapsed = 00:00:22 . Memory (MB): peak = 617.742 ; gain = 407.641
Finished applying 'set_property' XDC Constraints : Time (s): cpu = 00:00:15 ; elapsed = 00:00:22 . Memory (MB): peak = 617.742 ; gain = 407.641
Finished RTL Optimization Phase 2 : Time (s): cpu = 00:00:16 ; elapsed = 00:00:22 . Memory (MB): peak = 617.742 ; gain = 407.641
Finished Cross Boundary and Area Optimization : Time (s): cpu = 00:00:16 ; elapsed = 00:00:23 . Memory (MB): peak = 617.742 ; gain = 407.641
---------------------------------------------------------------------------------
Start ROM, RAM, DSP and Shift Register Reporting
---------------------------------------------------------------------------------

Distributed RAM: Preliminary Mapping  Report (see note below)
+---------------------+-------------------------------------------------------------+----------------+----------------------+----------------+
|Module Name          | RTL Object                                                  | Inference      | Size (Depth x Width) | Primitives     | 
+---------------------+-------------------------------------------------------------+----------------+----------------------+----------------+
|dist_mem_gen_v8_0_11 | synth_options.dist_mem_inst/gen_sdp_ram.sdpram_inst/ram_reg | User Attribute | 1 K x 24             | RAM64M x 120   | 
+---------------------+-------------------------------------------------------------+----------------+----------------------+----------------+

Note: The table above is a preliminary report that shows the Distributed RAMs at the current stage of the synthesis flow. Some Distributed RAMs may be reimplemented as non Distributed RAM primitives later in the synthesis flow. Multiple instantiated RAMs are reported only once.
---------------------------------------------------------------------------------
Finished ROM, RAM, DSP and Shift Register Reporting
---------------------------------------------------------------------------------
Finished Applying XDC Timing Constraints : Time (s): cpu = 00:00:26 ; elapsed = 00:00:33 . Memory (MB): peak = 617.742 ; gain = 407.641
Finished Timing Optimization : Time (s): cpu = 00:00:26 ; elapsed = 00:00:33 . Memory (MB): peak = 617.742 ; gain = 407.641
Finished Technology Mapping : Time (s): cpu = 00:00:26 ; elapsed = 00:00:33 . Memory (MB): peak = 617.742 ; gain = 407.641
Finished IO Insertion : Time (s): cpu = 00:00:27 ; elapsed = 00:00:34 . Memory (MB): peak = 617.742 ; gain = 407.641
Finished Renaming Generated Instances : Time (s): cpu = 00:00:27 ; elapsed = 00:00:34 . Memory (MB): peak = 617.742 ; gain = 407.641
Finished Rebuilding User Hierarchy : Time (s): cpu = 00:00:27 ; elapsed = 00:00:34 . Memory (MB): peak = 617.742 ; gain = 407.641
Finished Renaming Generated Ports : Time (s): cpu = 00:00:27 ; elapsed = 00:00:34 . Memory (MB): peak = 617.742 ; gain = 407.641
Finished Handling Custom Attributes : Time (s): cpu = 00:00:27 ; elapsed = 00:00:34 . Memory (MB): peak = 617.742 ; gain = 407.641
Finished Renaming Generated Nets : Time (s): cpu = 00:00:27 ; elapsed = 00:00:34 . Memory (MB): peak = 617.742 ; gain = 407.641

Report Cell Usage: 
+------+-------+------+
|      |Cell   |Count |
+------+-------+------+
|1     |LUT5   |    39|
|2     |LUT6   |    72|
|3     |MUXF7  |    48|
|4     |MUXF8  |    24|
|5     |RAM64M |   120|
|6     |FDRE   |    24|
+------+-------+------+
Finished Writing Synthesis Report : Time (s): cpu = 00:00:27 ; elapsed = 00:00:34 . Memory (MB): peak = 617.742 ; gain = 407.641
synth_design: Time (s): cpu = 00:00:26 ; elapsed = 00:00:32 . Memory (MB): peak = 623.996 ; gain = 407.797
