
*** Running vivado
    with args -log clk_wiz_1.vds -m64 -product Vivado -mode batch -messageDb vivado.pb -notrace -source clk_wiz_1.tcl


****** Vivado v2016.4 (64-bit)
  **** SW Build 1756540 on Mon Jan 23 19:11:23 MST 2017
  **** IP Build 1755317 on Mon Jan 23 20:30:07 MST 2017
    ** Copyright 1986-2016 Xilinx, Inc. All Rights Reserved.

source clk_wiz_1.tcl -notrace
Starting RTL Elaboration : Time (s): cpu = 00:00:05 ; elapsed = 00:00:06 . Memory (MB): peak = 294.402 ; gain = 84.434
INFO: [Synth 8-638] synthesizing module 'clk_wiz_1' [c:/Users/Vignesh/Documents/FinalYearProject/Zybo_Audio/ZyboAudio/ZyboAudio.srcs/sources_1/ip/clk_wiz_1/clk_wiz_1.v:70]
INFO: [Synth 8-638] synthesizing module 'clk_wiz_1_clk_wiz' [c:/Users/Vignesh/Documents/FinalYearProject/Zybo_Audio/ZyboAudio/ZyboAudio.srcs/sources_1/ip/clk_wiz_1/clk_wiz_1_clk_wiz.v:68]
INFO: [Synth 8-638] synthesizing module 'IBUF' [D:/Xilinx/Vivado/2016.4/scripts/rt/data/unisim_comp.v:14146]
INFO: [Synth 8-256] done synthesizing module 'IBUF' (1#1) [D:/Xilinx/Vivado/2016.4/scripts/rt/data/unisim_comp.v:14146]
INFO: [Synth 8-638] synthesizing module 'MMCME2_ADV' [D:/Xilinx/Vivado/2016.4/scripts/rt/data/unisim_comp.v:20414]
INFO: [Synth 8-256] done synthesizing module 'MMCME2_ADV' (2#1) [D:/Xilinx/Vivado/2016.4/scripts/rt/data/unisim_comp.v:20414]
INFO: [Synth 8-638] synthesizing module 'BUFG' [D:/Xilinx/Vivado/2016.4/scripts/rt/data/unisim_comp.v:607]
INFO: [Synth 8-256] done synthesizing module 'BUFG' (3#1) [D:/Xilinx/Vivado/2016.4/scripts/rt/data/unisim_comp.v:607]
INFO: [Synth 8-256] done synthesizing module 'clk_wiz_1_clk_wiz' (4#1) [c:/Users/Vignesh/Documents/FinalYearProject/Zybo_Audio/ZyboAudio/ZyboAudio.srcs/sources_1/ip/clk_wiz_1/clk_wiz_1_clk_wiz.v:68]
INFO: [Synth 8-256] done synthesizing module 'clk_wiz_1' (5#1) [c:/Users/Vignesh/Documents/FinalYearProject/Zybo_Audio/ZyboAudio/ZyboAudio.srcs/sources_1/ip/clk_wiz_1/clk_wiz_1.v:70]
Finished RTL Elaboration : Time (s): cpu = 00:00:05 ; elapsed = 00:00:07 . Memory (MB): peak = 331.668 ; gain = 121.699
Finished RTL Optimization Phase 1 : Time (s): cpu = 00:00:05 ; elapsed = 00:00:07 . Memory (MB): peak = 331.668 ; gain = 121.699
INFO: [Device 21-403] Loading part xc7z010clg400-1
Constraint Validation Runtime : Time (s): cpu = 00:00:00 ; elapsed = 00:00:00.073 . Memory (MB): peak = 544.988 ; gain = 0.000
Finished Constraint Validation : Time (s): cpu = 00:00:13 ; elapsed = 00:00:15 . Memory (MB): peak = 544.988 ; gain = 335.020
Finished Loading Part and Timing Information : Time (s): cpu = 00:00:13 ; elapsed = 00:00:15 . Memory (MB): peak = 544.988 ; gain = 335.020
Finished applying 'set_property' XDC Constraints : Time (s): cpu = 00:00:13 ; elapsed = 00:00:15 . Memory (MB): peak = 544.988 ; gain = 335.020
Finished RTL Optimization Phase 2 : Time (s): cpu = 00:00:13 ; elapsed = 00:00:15 . Memory (MB): peak = 544.988 ; gain = 335.020
Finished Cross Boundary and Area Optimization : Time (s): cpu = 00:00:13 ; elapsed = 00:00:15 . Memory (MB): peak = 544.988 ; gain = 335.020
Finished Applying XDC Timing Constraints : Time (s): cpu = 00:00:22 ; elapsed = 00:00:25 . Memory (MB): peak = 566.145 ; gain = 356.176
Finished Timing Optimization : Time (s): cpu = 00:00:22 ; elapsed = 00:00:25 . Memory (MB): peak = 566.145 ; gain = 356.176
Finished Technology Mapping : Time (s): cpu = 00:00:22 ; elapsed = 00:00:25 . Memory (MB): peak = 575.828 ; gain = 365.859
Finished IO Insertion : Time (s): cpu = 00:00:23 ; elapsed = 00:00:25 . Memory (MB): peak = 575.828 ; gain = 365.859
Finished Renaming Generated Instances : Time (s): cpu = 00:00:23 ; elapsed = 00:00:25 . Memory (MB): peak = 575.828 ; gain = 365.859
Finished Rebuilding User Hierarchy : Time (s): cpu = 00:00:23 ; elapsed = 00:00:25 . Memory (MB): peak = 575.828 ; gain = 365.859
Finished Renaming Generated Ports : Time (s): cpu = 00:00:23 ; elapsed = 00:00:25 . Memory (MB): peak = 575.828 ; gain = 365.859
Finished Handling Custom Attributes : Time (s): cpu = 00:00:23 ; elapsed = 00:00:25 . Memory (MB): peak = 575.828 ; gain = 365.859
Finished Renaming Generated Nets : Time (s): cpu = 00:00:23 ; elapsed = 00:00:25 . Memory (MB): peak = 575.828 ; gain = 365.859

Report Cell Usage: 
+------+-----------+------+
|      |Cell       |Count |
+------+-----------+------+
|1     |BUFG       |     2|
|2     |MMCME2_ADV |     1|
|3     |IBUF       |     1|
+------+-----------+------+
Finished Writing Synthesis Report : Time (s): cpu = 00:00:23 ; elapsed = 00:00:25 . Memory (MB): peak = 575.828 ; gain = 365.859
synth_design: Time (s): cpu = 00:00:24 ; elapsed = 00:00:25 . Memory (MB): peak = 949.660 ; gain = 733.570
