#-----------------------------------------------------------
# Vivado v2016.4 (64-bit)
# SW Build 1756540 on Mon Jan 23 19:11:23 MST 2017
# IP Build 1755317 on Mon Jan 23 20:30:07 MST 2017
# Start of session at: Sun Aug 30 14:17:01 2020
# Process ID: 16668
# Current directory: C:/Users/vig_s/OneDrive/Documents/ZyboProjects/Year3Design/ZyboAudio
# Command line: vivado.exe -gui_launcher_event rodinguilauncherevent15208 C:\Users\vig_s\OneDrive\Documents\ZyboProjects\Year3Design\ZyboAudio\ZyboAudio.xpr
# Log file: C:/Users/vig_s/OneDrive/Documents/ZyboProjects/Year3Design/ZyboAudio/vivado.log
# Journal file: C:/Users/vig_s/OneDrive/Documents/ZyboProjects/Year3Design/ZyboAudio\vivado.jou
#-----------------------------------------------------------
start_gui
open_project C:/Users/vig_s/OneDrive/Documents/ZyboProjects/Year3Design/ZyboAudio/ZyboAudio.xpr
INFO: [Project 1-313] Project file moved from 'C:/Users/Vignesh/Documents/FinalYearProject/Zybo_Audio/ZyboAudio' since last save.
Scanning sources...
Finished scanning sources
INFO: [IP_Flow 19-234] Refreshing IP repositories
INFO: [IP_Flow 19-1704] No user IP repositories specified
INFO: [IP_Flow 19-2313] Loaded Vivado IP repository 'D:/Xilinx/Vivado/2016.4/data/ip'.
open_hw
connect_hw_server
INFO: [Labtools 27-2285] Connecting to hw_server url TCP:localhost:3121
INFO: [Labtools 27-2222] Launching hw_server...
INFO: [Labtools 27-2221] Launch Output:

****** Xilinx hw_server v2016.4
  **** Build date : Jan 23 2017-19:37:29
    ** Copyright 1986-2016 Xilinx, Inc. All Rights Reserved.


open_hw_target
INFO: [Labtoolstcl 44-466] Opening hw_target localhost:3121/xilinx_tcf/Digilent/210279777766A
set_property PROGRAM.FILE {C:/Users/vig_s/OneDrive/Documents/ZyboProjects/Year3Design/ZyboAudio/ZyboAudio.runs/impl_1/TopSys.bit} [lindex [get_hw_devices xc7z010_1] 0]
current_hw_device [lindex [get_hw_devices xc7z010_1] 0]
refresh_hw_device -update_hw_probes false [lindex [get_hw_devices xc7z010_1] 0]
INFO: [Labtools 27-1435] Device xc7z010 (JTAG device index = 1) is not programmed (DONE status = 0).
reset_run synth_1
WARNING: [Vivado 12-1017] Problems encountered:
1. Failed to delete one or more files in run directory C:/Users/vig_s/OneDrive/Documents/ZyboProjects/Year3Design/ZyboAudio/ZyboAudio.runs/synth_1

reset_run clk_wiz_0_synth_1
WARNING: [Vivado 12-1017] Problems encountered:
1. Failed to delete one or more files in run directory C:/Users/vig_s/OneDrive/Documents/ZyboProjects/Year3Design/ZyboAudio/ZyboAudio.runs/clk_wiz_0_synth_1

reset_run dist_mem_gen_0_synth_1
WARNING: [Vivado 12-1017] Problems encountered:
1. Failed to delete one or more files in run directory C:/Users/vig_s/OneDrive/Documents/ZyboProjects/Year3Design/ZyboAudio/ZyboAudio.runs/dist_mem_gen_0_synth_1

launch_runs impl_1 -to_step write_bitstream -jobs 8
INFO: [Vivado 12-4149] The synthesis checkpoint for IP 'C:/Users/vig_s/OneDrive/Documents/ZyboProjects/Year3Design/ZyboAudio/ZyboAudio.srcs/sources_1/ip/dist_mem_gen_1/dist_mem_gen_1.xci' is already up-to-date
[Sun Aug 30 14:17:57 2020] Launched clk_wiz_0_synth_1, dist_mem_gen_0_synth_1, synth_1...
Run output will be captured here:
clk_wiz_0_synth_1: C:/Users/vig_s/OneDrive/Documents/ZyboProjects/Year3Design/ZyboAudio/ZyboAudio.runs/clk_wiz_0_synth_1/runme.log
dist_mem_gen_0_synth_1: C:/Users/vig_s/OneDrive/Documents/ZyboProjects/Year3Design/ZyboAudio/ZyboAudio.runs/dist_mem_gen_0_synth_1/runme.log
synth_1: C:/Users/vig_s/OneDrive/Documents/ZyboProjects/Year3Design/ZyboAudio/ZyboAudio.runs/synth_1/runme.log
[Sun Aug 30 14:17:57 2020] Launched impl_1...
Run output will be captured here: C:/Users/vig_s/OneDrive/Documents/ZyboProjects/Year3Design/ZyboAudio/ZyboAudio.runs/impl_1/runme.log
set_property PROBES.FILE {} [lindex [get_hw_devices xc7z010_1] 0]
set_property PROGRAM.FILE {C:/Users/vig_s/OneDrive/Documents/ZyboProjects/Year3Design/ZyboAudio/ZyboAudio.runs/impl_1/TopSys.bit} [lindex [get_hw_devices xc7z010_1] 0]
program_hw_devices [lindex [get_hw_devices xc7z010_1] 0]
INFO: [Labtools 27-3164] End of startup status: HIGH
refresh_hw_device [lindex [get_hw_devices xc7z010_1] 0]
INFO: [Labtools 27-1434] Device xc7z010 (JTAG device index = 1) is programmed with a design that has no supported debug core(s) in it.
WARNING: [Labtools 27-3123] The debug hub core was not detected at User Scan Chain 1 or 3.
Resolution: 
1. Make sure the clock connected to the debug hub (dbg_hub) core is a free running clock and is active OR
2. Manually launch hw_server with -e "set xsdb-user-bscan <C_USER_SCAN_CHAIN scan_chain_number>" to detect the debug hub at User Scan Chain of 2 or 4. To determine the user scan chain setting, open the implemented design and use: get_property C_USER_SCAN_CHAIN [get_debug_cores dbg_hub].
WARNING: [Labtoolstcl 44-130] No matching hw_ilas were found.
WARNING: [Labtoolstcl 44-130] No matching hw_ilas were found.
WARNING: [Labtoolstcl 44-130] No matching hw_ilas were found.
WARNING: [Labtoolstcl 44-130] No matching hw_ilas were found.
exit
INFO: [Common 17-206] Exiting Vivado at Sun Aug 30 14:50:39 2020...
