Copyright 1986-2016 Xilinx, Inc. All Rights Reserved.
------------------------------------------------------------------------------------
| Tool Version : Vivado v.2016.4 (win64) Build 1756540 Mon Jan 23 19:11:23 MST 2017
| Date         : Sun Aug 30 14:19:44 2020
| Host         : DESKTOP-N4AP444 running 64-bit major release  (build 9200)
| Command      : report_control_sets -verbose -file TopSys_control_sets_placed.rpt
| Design       : TopSys
| Device       : xc7z010
------------------------------------------------------------------------------------

Control Set Information

Table of Contents
-----------------
1. Summary
2. Flip-Flop Distribution
3. Detailed Control Set Information

1. Summary
----------

+----------------------------------------------------------+-------+
|                          Status                          | Count |
+----------------------------------------------------------+-------+
| Number of unique control sets                            |   189 |
| Unused register locations in slices containing registers |    82 |
+----------------------------------------------------------+-------+


2. Flip-Flop Distribution
-------------------------

+--------------+-----------------------+------------------------+-----------------+--------------+
| Clock Enable | Synchronous Set/Reset | Asynchronous Set/Reset | Total Registers | Total Slices |
+--------------+-----------------------+------------------------+-----------------+--------------+
| No           | No                    | No                     |             307 |          140 |
| No           | No                    | Yes                    |               0 |            0 |
| No           | Yes                   | No                     |               9 |            3 |
| Yes          | No                    | No                     |             269 |          110 |
| Yes          | No                    | Yes                    |               0 |            0 |
| Yes          | Yes                   | No                     |              13 |            7 |
+--------------+-----------------------+------------------------+-----------------+--------------+


3. Detailed Control Set Information
-----------------------------------

+---------------------------------+---------------------------------------------------------------------------------------------------------------------+------------------------------------+------------------+----------------+
|           Clock Signal          |                                                    Enable Signal                                                    |          Set/Reset Signal          | Slice Load Count | Bel Load Count |
+---------------------------------+---------------------------------------------------------------------------------------------------------------------+------------------------------------+------------------+----------------+
|  nolabel_line62/selClk          |                                                                                                                     |                                    |                1 |              1 |
|  procclk_BUFG                   | nolabel_line66/effect_sel[1]                                                                                        | nolabel_line66/octave_LED_i_1_n_0  |                1 |              1 |
|  nolabel_line70/inst/clk_out1   | nolabel_line72/PBDAT_i_1_n_0                                                                                        |                                    |                1 |              1 |
|  nolabel_line66/effects_sec_clk |                                                                                                                     |                                    |                1 |              2 |
|  procclk_BUFG                   | nolabel_line66/dist_LED_i_2_n_0                                                                                     | nolabel_line66/dist_LED_i_1_n_0    |                1 |              2 |
|  procclk_BUFG                   | nolabel_line66/tremolo_LED_i_2_n_0                                                                                  | nolabel_line66/tremolo_LED_i_1_n_0 |                1 |              2 |
|  nolabel_line70/inst/clk_out1   | nolabel_line72/MCLKcount[0]                                                                                         |                                    |                4 |              7 |
|  p_0_in                         |                                                                                                                     |                                    |                5 |              8 |
|  p_0_in                         | nolabel_line78/phasecount[7]_i_2_n_0                                                                                | nolabel_line78/enable62_out        |                4 |              8 |
|  clk_IBUF                       |                                                                                                                     |                                    |                4 |              9 |
|  procclk_BUFG                   |                                                                                                                     | nolabel_line62/addresspointer      |                3 |              9 |
|  nolabel_line70/inst/clk_out1   |                                                                                                                     |                                    |                3 |             10 |
|  nolabel_line60/delayControlClk | delay_sw_IBUF                                                                                                       |                                    |                4 |             14 |
|  p_0_in                         | nolabel_line78/enable                                                                                               |                                    |                4 |             16 |
|  procclk_BUFG                   | tremolo_sw_IBUF                                                                                                     |                                    |                6 |             17 |
|  nolabel_line58/distCount       | dist_sw_IBUF                                                                                                        |                                    |                6 |             24 |
|  procclk_BUFG                   | nolabel_line72/E[0]                                                                                                 |                                    |                7 |             24 |
|  procclk_BUFG                   | nolabel_line72/rChannelGainOut_reg[23][0]                                                                           |                                    |                9 |             24 |
|  nolabel_line70/inst/clk_out1   | nolabel_line72/lChannelREC                                                                                          |                                    |               13 |             24 |
|  nolabel_line70/inst/clk_out1   | nolabel_line72/shiftIn[23]_i_1_n_0                                                                                  |                                    |               12 |             24 |
|  nolabel_line70/inst/clk_out1   | nolabel_line72/shiftOut                                                                                             |                                    |                8 |             24 |
|  procclk_BUFG                   | delay_sw_IBUF                                                                                                       |                                    |               12 |             28 |
|  procclk_BUFG                   | nolabel_line60/nolabel_line84/U0/synth_options.dist_mem_inst/gen_sdp_ram.sdpram_inst/ram_reg_1408_1471_0_2_i_1_n_0  |                                    |                8 |             32 |
|  procclk_BUFG                   | nolabel_line60/nolabel_line84/U0/synth_options.dist_mem_inst/gen_sdp_ram.sdpram_inst/ram_reg_1472_1535_0_2_i_1_n_0  |                                    |                8 |             32 |
|  procclk_BUFG                   | nolabel_line60/nolabel_line84/U0/synth_options.dist_mem_inst/gen_sdp_ram.sdpram_inst/ram_reg_1536_1599_0_2_i_1_n_0  |                                    |                8 |             32 |
|  procclk_BUFG                   | nolabel_line60/nolabel_line84/U0/synth_options.dist_mem_inst/gen_sdp_ram.sdpram_inst/ram_reg_1600_1663_0_2_i_1_n_0  |                                    |                8 |             32 |
|  procclk_BUFG                   | nolabel_line60/nolabel_line84/U0/synth_options.dist_mem_inst/gen_sdp_ram.sdpram_inst/ram_reg_1664_1727_0_2_i_1_n_0  |                                    |                8 |             32 |
|  procclk_BUFG                   | nolabel_line60/nolabel_line84/U0/synth_options.dist_mem_inst/gen_sdp_ram.sdpram_inst/ram_reg_1728_1791_0_2_i_1_n_0  |                                    |                8 |             32 |
|  procclk_BUFG                   | nolabel_line60/nolabel_line84/U0/synth_options.dist_mem_inst/gen_sdp_ram.sdpram_inst/ram_reg_1792_1855_0_2_i_1_n_0  |                                    |                8 |             32 |
|  procclk_BUFG                   | nolabel_line60/nolabel_line84/U0/synth_options.dist_mem_inst/gen_sdp_ram.sdpram_inst/ram_reg_1856_1919_0_2_i_1_n_0  |                                    |                8 |             32 |
|  procclk_BUFG                   | nolabel_line60/nolabel_line84/U0/synth_options.dist_mem_inst/gen_sdp_ram.sdpram_inst/ram_reg_1920_1983_0_2_i_1_n_0  |                                    |                8 |             32 |
|  procclk_BUFG                   | nolabel_line60/nolabel_line84/U0/synth_options.dist_mem_inst/gen_sdp_ram.sdpram_inst/ram_reg_192_255_0_2_i_1_n_0    |                                    |                8 |             32 |
|  procclk_BUFG                   | nolabel_line60/nolabel_line84/U0/synth_options.dist_mem_inst/gen_sdp_ram.sdpram_inst/ram_reg_1984_2047_0_2_i_1_n_0  |                                    |                8 |             32 |
|  procclk_BUFG                   | nolabel_line60/nolabel_line84/U0/synth_options.dist_mem_inst/gen_sdp_ram.sdpram_inst/ram_reg_2048_2111_0_2_i_1_n_0  |                                    |                8 |             32 |
|  procclk_BUFG                   | nolabel_line60/nolabel_line84/U0/synth_options.dist_mem_inst/gen_sdp_ram.sdpram_inst/ram_reg_2112_2175_0_2_i_1_n_0  |                                    |                8 |             32 |
|  procclk_BUFG                   | nolabel_line60/nolabel_line84/U0/synth_options.dist_mem_inst/gen_sdp_ram.sdpram_inst/ram_reg_2176_2239_0_2_i_1_n_0  |                                    |                8 |             32 |
|  procclk_BUFG                   | nolabel_line60/nolabel_line84/U0/synth_options.dist_mem_inst/gen_sdp_ram.sdpram_inst/ram_reg_2240_2303_0_2_i_1_n_0  |                                    |                8 |             32 |
|  procclk_BUFG                   | nolabel_line60/nolabel_line84/U0/synth_options.dist_mem_inst/gen_sdp_ram.sdpram_inst/ram_reg_2304_2367_0_2_i_1_n_0  |                                    |                8 |             32 |
|  procclk_BUFG                   | nolabel_line60/nolabel_line84/U0/synth_options.dist_mem_inst/gen_sdp_ram.sdpram_inst/ram_reg_2368_2431_0_2_i_1_n_0  |                                    |                8 |             32 |
|  procclk_BUFG                   | nolabel_line60/nolabel_line84/U0/synth_options.dist_mem_inst/gen_sdp_ram.sdpram_inst/ram_reg_2432_2495_0_2_i_1_n_0  |                                    |                8 |             32 |
|  procclk_BUFG                   | nolabel_line60/nolabel_line84/U0/synth_options.dist_mem_inst/gen_sdp_ram.sdpram_inst/ram_reg_2496_2559_0_2_i_1_n_0  |                                    |                8 |             32 |
|  procclk_BUFG                   | nolabel_line60/nolabel_line84/U0/synth_options.dist_mem_inst/gen_sdp_ram.sdpram_inst/ram_reg_2560_2623_0_2_i_1_n_0  |                                    |                8 |             32 |
|  procclk_BUFG                   | nolabel_line60/nolabel_line84/U0/synth_options.dist_mem_inst/gen_sdp_ram.sdpram_inst/ram_reg_256_319_0_2_i_1_n_0    |                                    |                8 |             32 |
|  procclk_BUFG                   | nolabel_line60/nolabel_line84/U0/synth_options.dist_mem_inst/gen_sdp_ram.sdpram_inst/ram_reg_2624_2687_0_2_i_1_n_0  |                                    |                8 |             32 |
|  procclk_BUFG                   | nolabel_line60/nolabel_line84/U0/synth_options.dist_mem_inst/gen_sdp_ram.sdpram_inst/ram_reg_2688_2751_0_2_i_1_n_0  |                                    |                8 |             32 |
|  procclk_BUFG                   | nolabel_line60/nolabel_line84/U0/synth_options.dist_mem_inst/gen_sdp_ram.sdpram_inst/ram_reg_2752_2815_0_2_i_1_n_0  |                                    |                8 |             32 |
|  procclk_BUFG                   | nolabel_line60/nolabel_line84/U0/synth_options.dist_mem_inst/gen_sdp_ram.sdpram_inst/ram_reg_2816_2879_0_2_i_1_n_0  |                                    |                8 |             32 |
|  procclk_BUFG                   | nolabel_line60/nolabel_line84/U0/synth_options.dist_mem_inst/gen_sdp_ram.sdpram_inst/ram_reg_2880_2943_0_2_i_1_n_0  |                                    |                8 |             32 |
|  procclk_BUFG                   | nolabel_line60/nolabel_line84/U0/synth_options.dist_mem_inst/gen_sdp_ram.sdpram_inst/ram_reg_2944_3007_0_2_i_1_n_0  |                                    |                8 |             32 |
|  procclk_BUFG                   | nolabel_line60/nolabel_line84/U0/synth_options.dist_mem_inst/gen_sdp_ram.sdpram_inst/ram_reg_3008_3071_0_2_i_1_n_0  |                                    |                8 |             32 |
|  procclk_BUFG                   | nolabel_line60/nolabel_line84/U0/synth_options.dist_mem_inst/gen_sdp_ram.sdpram_inst/ram_reg_3072_3135_0_2_i_1_n_0  |                                    |                8 |             32 |
|  procclk_BUFG                   | nolabel_line60/nolabel_line84/U0/synth_options.dist_mem_inst/gen_sdp_ram.sdpram_inst/ram_reg_3136_3199_0_2_i_1_n_0  |                                    |                8 |             32 |
|  procclk_BUFG                   | nolabel_line60/nolabel_line84/U0/synth_options.dist_mem_inst/gen_sdp_ram.sdpram_inst/ram_reg_3200_3263_0_2_i_1_n_0  |                                    |                8 |             32 |
|  procclk_BUFG                   | nolabel_line60/nolabel_line84/U0/synth_options.dist_mem_inst/gen_sdp_ram.sdpram_inst/ram_reg_320_383_0_2_i_1_n_0    |                                    |                8 |             32 |
|  procclk_BUFG                   | nolabel_line60/nolabel_line84/U0/synth_options.dist_mem_inst/gen_sdp_ram.sdpram_inst/ram_reg_3264_3327_0_2_i_1_n_0  |                                    |                8 |             32 |
|  procclk_BUFG                   | nolabel_line60/nolabel_line84/U0/synth_options.dist_mem_inst/gen_sdp_ram.sdpram_inst/ram_reg_3328_3391_0_2_i_1_n_0  |                                    |                8 |             32 |
|  procclk_BUFG                   | nolabel_line60/nolabel_line84/U0/synth_options.dist_mem_inst/gen_sdp_ram.sdpram_inst/ram_reg_3392_3455_0_2_i_1_n_0  |                                    |                8 |             32 |
|  procclk_BUFG                   | nolabel_line60/nolabel_line84/U0/synth_options.dist_mem_inst/gen_sdp_ram.sdpram_inst/ram_reg_3456_3519_0_2_i_1_n_0  |                                    |                8 |             32 |
|  procclk_BUFG                   | nolabel_line60/nolabel_line84/U0/synth_options.dist_mem_inst/gen_sdp_ram.sdpram_inst/ram_reg_3520_3583_0_2_i_1_n_0  |                                    |                8 |             32 |
|  procclk_BUFG                   | nolabel_line60/nolabel_line84/U0/synth_options.dist_mem_inst/gen_sdp_ram.sdpram_inst/ram_reg_3584_3647_0_2_i_1_n_0  |                                    |                8 |             32 |
|  procclk_BUFG                   | nolabel_line60/nolabel_line84/U0/synth_options.dist_mem_inst/gen_sdp_ram.sdpram_inst/ram_reg_3648_3711_0_2_i_1_n_0  |                                    |                8 |             32 |
|  procclk_BUFG                   | nolabel_line60/nolabel_line84/U0/synth_options.dist_mem_inst/gen_sdp_ram.sdpram_inst/ram_reg_3712_3775_0_2_i_1_n_0  |                                    |                8 |             32 |
|  procclk_BUFG                   | nolabel_line60/nolabel_line84/U0/synth_options.dist_mem_inst/gen_sdp_ram.sdpram_inst/ram_reg_3776_3839_0_2_i_1_n_0  |                                    |                8 |             32 |
|  procclk_BUFG                   | nolabel_line60/nolabel_line84/U0/synth_options.dist_mem_inst/gen_sdp_ram.sdpram_inst/ram_reg_3840_3903_0_2_i_1_n_0  |                                    |                8 |             32 |
|  procclk_BUFG                   | nolabel_line60/nolabel_line84/U0/synth_options.dist_mem_inst/gen_sdp_ram.sdpram_inst/ram_reg_384_447_0_2_i_1_n_0    |                                    |                8 |             32 |
|  procclk_BUFG                   | nolabel_line60/nolabel_line84/U0/synth_options.dist_mem_inst/gen_sdp_ram.sdpram_inst/ram_reg_3904_3967_0_2_i_1_n_0  |                                    |                8 |             32 |
|  procclk_BUFG                   | nolabel_line60/nolabel_line84/U0/synth_options.dist_mem_inst/gen_sdp_ram.sdpram_inst/ram_reg_3968_4031_0_2_i_1_n_0  |                                    |                8 |             32 |
|  procclk_BUFG                   | nolabel_line60/nolabel_line84/U0/synth_options.dist_mem_inst/gen_sdp_ram.sdpram_inst/ram_reg_4032_4095_0_2_i_1_n_0  |                                    |                8 |             32 |
|  procclk_BUFG                   | nolabel_line60/nolabel_line84/U0/synth_options.dist_mem_inst/gen_sdp_ram.sdpram_inst/ram_reg_4096_4159_0_2_i_1_n_0  |                                    |                8 |             32 |
|  procclk_BUFG                   | nolabel_line60/nolabel_line84/U0/synth_options.dist_mem_inst/gen_sdp_ram.sdpram_inst/ram_reg_4160_4223_0_2_i_1_n_0  |                                    |                8 |             32 |
|  procclk_BUFG                   | nolabel_line60/nolabel_line84/U0/synth_options.dist_mem_inst/gen_sdp_ram.sdpram_inst/ram_reg_4224_4287_0_2_i_1_n_0  |                                    |                8 |             32 |
|  procclk_BUFG                   | nolabel_line60/nolabel_line84/U0/synth_options.dist_mem_inst/gen_sdp_ram.sdpram_inst/ram_reg_4288_4351_0_2_i_1_n_0  |                                    |                8 |             32 |
|  procclk_BUFG                   | nolabel_line60/nolabel_line84/U0/synth_options.dist_mem_inst/gen_sdp_ram.sdpram_inst/ram_reg_4352_4415_0_2_i_1_n_0  |                                    |                8 |             32 |
|  procclk_BUFG                   | nolabel_line60/nolabel_line84/U0/synth_options.dist_mem_inst/gen_sdp_ram.sdpram_inst/ram_reg_4416_4479_0_2_i_1_n_0  |                                    |                8 |             32 |
|  procclk_BUFG                   | nolabel_line60/nolabel_line84/U0/synth_options.dist_mem_inst/gen_sdp_ram.sdpram_inst/ram_reg_4480_4543_0_2_i_1_n_0  |                                    |                8 |             32 |
|  procclk_BUFG                   | nolabel_line60/nolabel_line84/U0/synth_options.dist_mem_inst/gen_sdp_ram.sdpram_inst/ram_reg_448_511_0_2_i_1_n_0    |                                    |                8 |             32 |
|  procclk_BUFG                   | nolabel_line60/nolabel_line84/U0/synth_options.dist_mem_inst/gen_sdp_ram.sdpram_inst/ram_reg_4544_4607_0_2_i_1_n_0  |                                    |                8 |             32 |
|  procclk_BUFG                   | nolabel_line60/nolabel_line84/U0/synth_options.dist_mem_inst/gen_sdp_ram.sdpram_inst/ram_reg_4608_4671_0_2_i_1_n_0  |                                    |                8 |             32 |
|  procclk_BUFG                   | nolabel_line60/nolabel_line84/U0/synth_options.dist_mem_inst/gen_sdp_ram.sdpram_inst/ram_reg_4672_4735_0_2_i_1_n_0  |                                    |                8 |             32 |
|  procclk_BUFG                   | nolabel_line60/nolabel_line84/U0/synth_options.dist_mem_inst/gen_sdp_ram.sdpram_inst/ram_reg_4736_4799_0_2_i_1_n_0  |                                    |                8 |             32 |
|  procclk_BUFG                   | nolabel_line60/nolabel_line84/U0/synth_options.dist_mem_inst/gen_sdp_ram.sdpram_inst/ram_reg_4800_4863_0_2_i_1_n_0  |                                    |                8 |             32 |
|  procclk_BUFG                   | nolabel_line60/nolabel_line84/U0/synth_options.dist_mem_inst/gen_sdp_ram.sdpram_inst/ram_reg_4864_4927_0_2_i_1_n_0  |                                    |                8 |             32 |
|  procclk_BUFG                   | nolabel_line60/nolabel_line84/U0/synth_options.dist_mem_inst/gen_sdp_ram.sdpram_inst/ram_reg_4928_4991_0_2_i_1_n_0  |                                    |                8 |             32 |
|  procclk_BUFG                   | nolabel_line60/nolabel_line84/U0/synth_options.dist_mem_inst/gen_sdp_ram.sdpram_inst/ram_reg_4992_5055_0_2_i_1_n_0  |                                    |                8 |             32 |
|  procclk_BUFG                   | nolabel_line60/nolabel_line84/U0/synth_options.dist_mem_inst/gen_sdp_ram.sdpram_inst/ram_reg_5056_5119_0_2_i_1_n_0  |                                    |                8 |             32 |
|  procclk_BUFG                   | nolabel_line60/nolabel_line84/U0/synth_options.dist_mem_inst/gen_sdp_ram.sdpram_inst/ram_reg_5120_5183_0_2_i_1_n_0  |                                    |                8 |             32 |
|  procclk_BUFG                   | nolabel_line60/nolabel_line84/U0/synth_options.dist_mem_inst/gen_sdp_ram.sdpram_inst/ram_reg_512_575_0_2_i_1_n_0    |                                    |                8 |             32 |
|  procclk_BUFG                   | nolabel_line60/nolabel_line84/U0/synth_options.dist_mem_inst/gen_sdp_ram.sdpram_inst/ram_reg_5184_5247_0_2_i_1_n_0  |                                    |                8 |             32 |
|  procclk_BUFG                   | nolabel_line60/nolabel_line84/U0/synth_options.dist_mem_inst/gen_sdp_ram.sdpram_inst/ram_reg_5248_5311_0_2_i_1_n_0  |                                    |                8 |             32 |
|  procclk_BUFG                   | nolabel_line60/nolabel_line84/U0/synth_options.dist_mem_inst/gen_sdp_ram.sdpram_inst/ram_reg_5312_5375_0_2_i_1_n_0  |                                    |                8 |             32 |
|  procclk_BUFG                   | nolabel_line60/nolabel_line84/U0/synth_options.dist_mem_inst/gen_sdp_ram.sdpram_inst/ram_reg_5376_5439_0_2_i_1_n_0  |                                    |                8 |             32 |
|  procclk_BUFG                   | nolabel_line60/nolabel_line84/U0/synth_options.dist_mem_inst/gen_sdp_ram.sdpram_inst/ram_reg_5440_5503_0_2_i_1_n_0  |                                    |                8 |             32 |
|  procclk_BUFG                   | nolabel_line60/nolabel_line84/U0/synth_options.dist_mem_inst/gen_sdp_ram.sdpram_inst/ram_reg_5504_5567_0_2_i_1_n_0  |                                    |                8 |             32 |
|  procclk_BUFG                   | nolabel_line60/nolabel_line84/U0/synth_options.dist_mem_inst/gen_sdp_ram.sdpram_inst/ram_reg_5568_5631_0_2_i_1_n_0  |                                    |                8 |             32 |
|  procclk_BUFG                   | nolabel_line60/nolabel_line84/U0/synth_options.dist_mem_inst/gen_sdp_ram.sdpram_inst/ram_reg_5632_5695_0_2_i_1_n_0  |                                    |                8 |             32 |
|  procclk_BUFG                   | nolabel_line60/nolabel_line84/U0/synth_options.dist_mem_inst/gen_sdp_ram.sdpram_inst/ram_reg_1280_1343_0_2_i_1_n_0  |                                    |                8 |             32 |
|  procclk_BUFG                   | nolabel_line60/nolabel_line84/U0/synth_options.dist_mem_inst/gen_sdp_ram.sdpram_inst/ram_reg_0_63_0_2_i_1_n_0       |                                    |                8 |             32 |
|  procclk_BUFG                   | nolabel_line60/nolabel_line84/U0/synth_options.dist_mem_inst/gen_sdp_ram.sdpram_inst/ram_reg_5696_5759_0_2_i_1_n_0  |                                    |                8 |             32 |
|  procclk_BUFG                   | nolabel_line60/nolabel_line84/U0/synth_options.dist_mem_inst/gen_sdp_ram.sdpram_inst/ram_reg_5760_5823_0_2_i_1_n_0  |                                    |                8 |             32 |
|  procclk_BUFG                   | nolabel_line60/nolabel_line84/U0/synth_options.dist_mem_inst/gen_sdp_ram.sdpram_inst/ram_reg_576_639_0_2_i_1_n_0    |                                    |                8 |             32 |
|  procclk_BUFG                   | nolabel_line60/nolabel_line84/U0/synth_options.dist_mem_inst/gen_sdp_ram.sdpram_inst/ram_reg_5824_5887_0_2_i_1_n_0  |                                    |                8 |             32 |
|  procclk_BUFG                   | nolabel_line60/nolabel_line84/U0/synth_options.dist_mem_inst/gen_sdp_ram.sdpram_inst/ram_reg_5888_5951_0_2_i_1_n_0  |                                    |                8 |             32 |
|  procclk_BUFG                   | nolabel_line60/nolabel_line84/U0/synth_options.dist_mem_inst/gen_sdp_ram.sdpram_inst/ram_reg_5952_6015_0_2_i_1_n_0  |                                    |                8 |             32 |
|  procclk_BUFG                   | nolabel_line60/nolabel_line84/U0/synth_options.dist_mem_inst/gen_sdp_ram.sdpram_inst/ram_reg_6016_6079_0_2_i_1_n_0  |                                    |                8 |             32 |
|  procclk_BUFG                   | nolabel_line60/nolabel_line84/U0/synth_options.dist_mem_inst/gen_sdp_ram.sdpram_inst/ram_reg_6080_6143_0_2_i_1_n_0  |                                    |                8 |             32 |
|  procclk_BUFG                   | nolabel_line60/nolabel_line84/U0/synth_options.dist_mem_inst/gen_sdp_ram.sdpram_inst/ram_reg_6144_6207_0_2_i_1_n_0  |                                    |                8 |             32 |
|  procclk_BUFG                   | nolabel_line60/nolabel_line84/U0/synth_options.dist_mem_inst/gen_sdp_ram.sdpram_inst/ram_reg_6208_6271_0_2_i_1_n_0  |                                    |                8 |             32 |
|  procclk_BUFG                   | nolabel_line60/nolabel_line84/U0/synth_options.dist_mem_inst/gen_sdp_ram.sdpram_inst/ram_reg_6272_6335_0_2_i_1_n_0  |                                    |                8 |             32 |
|  procclk_BUFG                   | nolabel_line60/nolabel_line84/U0/synth_options.dist_mem_inst/gen_sdp_ram.sdpram_inst/ram_reg_6336_6399_0_2_i_1_n_0  |                                    |                8 |             32 |
|  procclk_BUFG                   | nolabel_line60/nolabel_line84/U0/synth_options.dist_mem_inst/gen_sdp_ram.sdpram_inst/ram_reg_6400_6463_0_2_i_1_n_0  |                                    |                8 |             32 |
|  procclk_BUFG                   | nolabel_line60/nolabel_line84/U0/synth_options.dist_mem_inst/gen_sdp_ram.sdpram_inst/ram_reg_640_703_0_2_i_1_n_0    |                                    |                8 |             32 |
|  procclk_BUFG                   | nolabel_line60/nolabel_line84/U0/synth_options.dist_mem_inst/gen_sdp_ram.sdpram_inst/ram_reg_6464_6527_0_2_i_1_n_0  |                                    |                8 |             32 |
|  procclk_BUFG                   | nolabel_line60/nolabel_line84/U0/synth_options.dist_mem_inst/gen_sdp_ram.sdpram_inst/ram_reg_64_127_0_2_i_1_n_0     |                                    |                8 |             32 |
|  procclk_BUFG                   | nolabel_line60/nolabel_line84/U0/synth_options.dist_mem_inst/gen_sdp_ram.sdpram_inst/ram_reg_6528_6591_0_2_i_1_n_0  |                                    |                8 |             32 |
|  procclk_BUFG                   | nolabel_line60/nolabel_line84/U0/synth_options.dist_mem_inst/gen_sdp_ram.sdpram_inst/ram_reg_6592_6655_0_2_i_1_n_0  |                                    |                8 |             32 |
|  procclk_BUFG                   | nolabel_line60/nolabel_line84/U0/synth_options.dist_mem_inst/gen_sdp_ram.sdpram_inst/ram_reg_6656_6719_0_2_i_1_n_0  |                                    |                8 |             32 |
|  procclk_BUFG                   | nolabel_line60/nolabel_line84/U0/synth_options.dist_mem_inst/gen_sdp_ram.sdpram_inst/ram_reg_6720_6783_0_2_i_1_n_0  |                                    |                8 |             32 |
|  procclk_BUFG                   | nolabel_line60/nolabel_line84/U0/synth_options.dist_mem_inst/gen_sdp_ram.sdpram_inst/ram_reg_6784_6847_0_2_i_1_n_0  |                                    |                8 |             32 |
|  procclk_BUFG                   | nolabel_line60/nolabel_line84/U0/synth_options.dist_mem_inst/gen_sdp_ram.sdpram_inst/ram_reg_6848_6911_0_2_i_1_n_0  |                                    |                8 |             32 |
|  procclk_BUFG                   | nolabel_line60/nolabel_line84/U0/synth_options.dist_mem_inst/gen_sdp_ram.sdpram_inst/ram_reg_6912_6975_0_2_i_1_n_0  |                                    |                8 |             32 |
|  procclk_BUFG                   | nolabel_line60/nolabel_line84/U0/synth_options.dist_mem_inst/gen_sdp_ram.sdpram_inst/ram_reg_6976_7039_0_2_i_1_n_0  |                                    |                8 |             32 |
|  procclk_BUFG                   | nolabel_line60/nolabel_line84/U0/synth_options.dist_mem_inst/gen_sdp_ram.sdpram_inst/ram_reg_7040_7103_0_2_i_1_n_0  |                                    |                8 |             32 |
|  procclk_BUFG                   | nolabel_line60/nolabel_line84/U0/synth_options.dist_mem_inst/gen_sdp_ram.sdpram_inst/ram_reg_704_767_0_2_i_1_n_0    |                                    |                8 |             32 |
|  procclk_BUFG                   | nolabel_line60/nolabel_line84/U0/synth_options.dist_mem_inst/gen_sdp_ram.sdpram_inst/ram_reg_7104_7167_0_2_i_1_n_0  |                                    |                8 |             32 |
|  procclk_BUFG                   | nolabel_line60/nolabel_line84/U0/synth_options.dist_mem_inst/gen_sdp_ram.sdpram_inst/ram_reg_7168_7231_0_2_i_1_n_0  |                                    |                8 |             32 |
|  procclk_BUFG                   | nolabel_line60/nolabel_line84/U0/synth_options.dist_mem_inst/gen_sdp_ram.sdpram_inst/ram_reg_7232_7295_0_2_i_1_n_0  |                                    |                8 |             32 |
|  procclk_BUFG                   | nolabel_line60/nolabel_line84/U0/synth_options.dist_mem_inst/gen_sdp_ram.sdpram_inst/ram_reg_7296_7359_0_2_i_1_n_0  |                                    |                8 |             32 |
|  procclk_BUFG                   | nolabel_line60/nolabel_line84/U0/synth_options.dist_mem_inst/gen_sdp_ram.sdpram_inst/ram_reg_7360_7423_0_2_i_1_n_0  |                                    |                8 |             32 |
|  procclk_BUFG                   | nolabel_line60/nolabel_line84/U0/synth_options.dist_mem_inst/gen_sdp_ram.sdpram_inst/ram_reg_7424_7487_0_2_i_1_n_0  |                                    |                8 |             32 |
|  procclk_BUFG                   | nolabel_line60/nolabel_line84/U0/synth_options.dist_mem_inst/gen_sdp_ram.sdpram_inst/ram_reg_7488_7551_0_2_i_1_n_0  |                                    |                8 |             32 |
|  procclk_BUFG                   | nolabel_line60/nolabel_line84/U0/synth_options.dist_mem_inst/gen_sdp_ram.sdpram_inst/ram_reg_7552_7615_0_2_i_1_n_0  |                                    |                8 |             32 |
|  procclk_BUFG                   | nolabel_line60/nolabel_line84/U0/synth_options.dist_mem_inst/gen_sdp_ram.sdpram_inst/ram_reg_7616_7679_0_2_i_1_n_0  |                                    |                8 |             32 |
|  procclk_BUFG                   | nolabel_line60/nolabel_line84/U0/synth_options.dist_mem_inst/gen_sdp_ram.sdpram_inst/ram_reg_7680_7743_0_2_i_1_n_0  |                                    |                8 |             32 |
|  procclk_BUFG                   | nolabel_line60/nolabel_line84/U0/synth_options.dist_mem_inst/gen_sdp_ram.sdpram_inst/ram_reg_768_831_0_2_i_1_n_0    |                                    |                8 |             32 |
|  procclk_BUFG                   | nolabel_line60/nolabel_line84/U0/synth_options.dist_mem_inst/gen_sdp_ram.sdpram_inst/ram_reg_7744_7807_0_2_i_1_n_0  |                                    |                8 |             32 |
|  procclk_BUFG                   | nolabel_line60/nolabel_line84/U0/synth_options.dist_mem_inst/gen_sdp_ram.sdpram_inst/ram_reg_7808_7871_0_2_i_1_n_0  |                                    |                8 |             32 |
|  procclk_BUFG                   | nolabel_line60/nolabel_line84/U0/synth_options.dist_mem_inst/gen_sdp_ram.sdpram_inst/ram_reg_7872_7935_0_2_i_1_n_0  |                                    |                8 |             32 |
|  procclk_BUFG                   | nolabel_line60/nolabel_line84/U0/synth_options.dist_mem_inst/gen_sdp_ram.sdpram_inst/ram_reg_7936_7999_0_2_i_1_n_0  |                                    |                8 |             32 |
|  procclk_BUFG                   | nolabel_line60/nolabel_line84/U0/synth_options.dist_mem_inst/gen_sdp_ram.sdpram_inst/ram_reg_8000_8063_0_2_i_1_n_0  |                                    |                8 |             32 |
|  procclk_BUFG                   | nolabel_line60/nolabel_line84/U0/synth_options.dist_mem_inst/gen_sdp_ram.sdpram_inst/ram_reg_8064_8127_0_2_i_1_n_0  |                                    |                8 |             32 |
|  procclk_BUFG                   | nolabel_line60/nolabel_line84/U0/synth_options.dist_mem_inst/gen_sdp_ram.sdpram_inst/ram_reg_1024_1087_0_2_i_1_n_0  |                                    |                8 |             32 |
|  procclk_BUFG                   | nolabel_line60/nolabel_line84/U0/synth_options.dist_mem_inst/gen_sdp_ram.sdpram_inst/ram_reg_8192_8255_0_2_i_1_n_0  |                                    |                8 |             32 |
|  procclk_BUFG                   | nolabel_line60/nolabel_line84/U0/synth_options.dist_mem_inst/gen_sdp_ram.sdpram_inst/ram_reg_8256_8319_0_2_i_1_n_0  |                                    |                8 |             32 |
|  procclk_BUFG                   | nolabel_line60/nolabel_line84/U0/synth_options.dist_mem_inst/gen_sdp_ram.sdpram_inst/ram_reg_8320_8383_0_2_i_1_n_0  |                                    |                8 |             32 |
|  procclk_BUFG                   | nolabel_line60/nolabel_line84/U0/synth_options.dist_mem_inst/gen_sdp_ram.sdpram_inst/ram_reg_832_895_0_2_i_1_n_0    |                                    |                8 |             32 |
|  procclk_BUFG                   | nolabel_line60/nolabel_line84/U0/synth_options.dist_mem_inst/gen_sdp_ram.sdpram_inst/ram_reg_8384_8447_0_2_i_1_n_0  |                                    |                8 |             32 |
|  procclk_BUFG                   | nolabel_line60/nolabel_line84/U0/synth_options.dist_mem_inst/gen_sdp_ram.sdpram_inst/ram_reg_8448_8511_0_2_i_1_n_0  |                                    |                8 |             32 |
|  procclk_BUFG                   | nolabel_line60/nolabel_line84/U0/synth_options.dist_mem_inst/gen_sdp_ram.sdpram_inst/ram_reg_8512_8575_0_2_i_1_n_0  |                                    |                8 |             32 |
|  procclk_BUFG                   | nolabel_line60/nolabel_line84/U0/synth_options.dist_mem_inst/gen_sdp_ram.sdpram_inst/ram_reg_8576_8639_0_2_i_1_n_0  |                                    |                8 |             32 |
|  procclk_BUFG                   | nolabel_line60/nolabel_line84/U0/synth_options.dist_mem_inst/gen_sdp_ram.sdpram_inst/ram_reg_8640_8703_0_2_i_1_n_0  |                                    |                8 |             32 |
|  procclk_BUFG                   | nolabel_line60/nolabel_line84/U0/synth_options.dist_mem_inst/gen_sdp_ram.sdpram_inst/ram_reg_8704_8767_0_2_i_1_n_0  |                                    |                8 |             32 |
|  procclk_BUFG                   | nolabel_line60/nolabel_line84/U0/synth_options.dist_mem_inst/gen_sdp_ram.sdpram_inst/ram_reg_8768_8831_0_2_i_1_n_0  |                                    |                8 |             32 |
|  procclk_BUFG                   | nolabel_line60/nolabel_line84/U0/synth_options.dist_mem_inst/gen_sdp_ram.sdpram_inst/ram_reg_8832_8895_0_2_i_1_n_0  |                                    |                8 |             32 |
|  procclk_BUFG                   | nolabel_line60/nolabel_line84/U0/synth_options.dist_mem_inst/gen_sdp_ram.sdpram_inst/ram_reg_8896_8959_0_2_i_1_n_0  |                                    |                8 |             32 |
|  procclk_BUFG                   | nolabel_line60/nolabel_line84/U0/synth_options.dist_mem_inst/gen_sdp_ram.sdpram_inst/ram_reg_8960_9023_0_2_i_1_n_0  |                                    |                8 |             32 |
|  procclk_BUFG                   | nolabel_line60/nolabel_line84/U0/synth_options.dist_mem_inst/gen_sdp_ram.sdpram_inst/ram_reg_896_959_0_2_i_1_n_0    |                                    |                8 |             32 |
|  procclk_BUFG                   | nolabel_line60/nolabel_line84/U0/synth_options.dist_mem_inst/gen_sdp_ram.sdpram_inst/ram_reg_9024_9087_0_2_i_1_n_0  |                                    |                8 |             32 |
|  procclk_BUFG                   | nolabel_line60/nolabel_line84/U0/synth_options.dist_mem_inst/gen_sdp_ram.sdpram_inst/ram_reg_9088_9151_0_2_i_1_n_0  |                                    |                8 |             32 |
|  procclk_BUFG                   | nolabel_line60/nolabel_line84/U0/synth_options.dist_mem_inst/gen_sdp_ram.sdpram_inst/ram_reg_9152_9215_0_2_i_1_n_0  |                                    |                8 |             32 |
|  procclk_BUFG                   | nolabel_line60/nolabel_line84/U0/synth_options.dist_mem_inst/gen_sdp_ram.sdpram_inst/ram_reg_9216_9279_0_2_i_1_n_0  |                                    |                8 |             32 |
|  procclk_BUFG                   | nolabel_line60/nolabel_line84/U0/synth_options.dist_mem_inst/gen_sdp_ram.sdpram_inst/ram_reg_9280_9343_0_2_i_1_n_0  |                                    |                8 |             32 |
|  procclk_BUFG                   | nolabel_line60/nolabel_line84/U0/synth_options.dist_mem_inst/gen_sdp_ram.sdpram_inst/ram_reg_9344_9407_0_2_i_1_n_0  |                                    |                8 |             32 |
|  procclk_BUFG                   | nolabel_line60/nolabel_line84/U0/synth_options.dist_mem_inst/gen_sdp_ram.sdpram_inst/ram_reg_9408_9471_0_2_i_1_n_0  |                                    |                8 |             32 |
|  procclk_BUFG                   | nolabel_line60/nolabel_line84/U0/synth_options.dist_mem_inst/gen_sdp_ram.sdpram_inst/ram_reg_8128_8191_0_2_i_1_n_0  |                                    |                8 |             32 |
|  procclk_BUFG                   | nolabel_line60/nolabel_line84/U0/synth_options.dist_mem_inst/gen_sdp_ram.sdpram_inst/ram_reg_9536_9599_0_2_i_1_n_0  |                                    |                8 |             32 |
|  procclk_BUFG                   | nolabel_line60/nolabel_line84/U0/synth_options.dist_mem_inst/gen_sdp_ram.sdpram_inst/ram_reg_9600_9663_0_2_i_1_n_0  |                                    |                8 |             32 |
|  procclk_BUFG                   | nolabel_line60/nolabel_line84/U0/synth_options.dist_mem_inst/gen_sdp_ram.sdpram_inst/ram_reg_960_1023_0_2_i_1_n_0   |                                    |                8 |             32 |
|  procclk_BUFG                   | nolabel_line60/nolabel_line84/U0/synth_options.dist_mem_inst/gen_sdp_ram.sdpram_inst/ram_reg_9664_9727_0_2_i_1_n_0  |                                    |                8 |             32 |
|  procclk_BUFG                   | nolabel_line60/nolabel_line84/U0/synth_options.dist_mem_inst/gen_sdp_ram.sdpram_inst/ram_reg_9728_9791_0_2_i_1_n_0  |                                    |                8 |             32 |
|  procclk_BUFG                   | nolabel_line60/nolabel_line84/U0/synth_options.dist_mem_inst/gen_sdp_ram.sdpram_inst/ram_reg_9792_9855_0_2_i_1_n_0  |                                    |                8 |             32 |
|  procclk_BUFG                   | nolabel_line60/nolabel_line84/U0/synth_options.dist_mem_inst/gen_sdp_ram.sdpram_inst/ram_reg_9856_9919_0_2_i_1_n_0  |                                    |                8 |             32 |
|  procclk_BUFG                   | nolabel_line60/nolabel_line84/U0/synth_options.dist_mem_inst/gen_sdp_ram.sdpram_inst/ram_reg_9920_9983_0_2_i_1_n_0  |                                    |                8 |             32 |
|  procclk_BUFG                   | nolabel_line60/nolabel_line84/U0/synth_options.dist_mem_inst/gen_sdp_ram.sdpram_inst/ram_reg_9984_10047_0_2_i_1_n_0 |                                    |                8 |             32 |
|  procclk_BUFG                   | nolabel_line62/nolabel_line48/U0/synth_options.dist_mem_inst/gen_sdp_ram.sdpram_inst/ram_reg_384_447_0_2_i_1_n_0    |                                    |                8 |             32 |
|  procclk_BUFG                   | nolabel_line62/nolabel_line48/U0/synth_options.dist_mem_inst/gen_sdp_ram.sdpram_inst/ram_reg_448_511_0_2_i_1_n_0    |                                    |                8 |             32 |
|  procclk_BUFG                   | nolabel_line62/nolabel_line48/U0/synth_options.dist_mem_inst/gen_sdp_ram.sdpram_inst/ram_reg_64_127_0_2_i_1_n_0     |                                    |                8 |             32 |
|  procclk_BUFG                   | nolabel_line62/nolabel_line48/U0/synth_options.dist_mem_inst/gen_sdp_ram.sdpram_inst/ram_reg_0_63_0_2_i_1_n_0       |                                    |                8 |             32 |
|  procclk_BUFG                   | nolabel_line62/nolabel_line48/U0/synth_options.dist_mem_inst/gen_sdp_ram.sdpram_inst/ram_reg_128_191_0_2_i_1_n_0    |                                    |                8 |             32 |
|  procclk_BUFG                   | nolabel_line62/nolabel_line48/U0/synth_options.dist_mem_inst/gen_sdp_ram.sdpram_inst/ram_reg_192_255_0_2_i_1_n_0    |                                    |                8 |             32 |
|  procclk_BUFG                   | nolabel_line62/nolabel_line48/U0/synth_options.dist_mem_inst/gen_sdp_ram.sdpram_inst/ram_reg_256_319_0_2_i_1_n_0    |                                    |                8 |             32 |
|  procclk_BUFG                   | nolabel_line62/nolabel_line48/U0/synth_options.dist_mem_inst/gen_sdp_ram.sdpram_inst/ram_reg_320_383_0_2_i_1_n_0    |                                    |                8 |             32 |
|  procclk_BUFG                   | nolabel_line60/nolabel_line84/U0/synth_options.dist_mem_inst/gen_sdp_ram.sdpram_inst/ram_reg_1088_1151_0_2_i_1_n_0  |                                    |                8 |             32 |
|  procclk_BUFG                   | nolabel_line60/nolabel_line84/U0/synth_options.dist_mem_inst/gen_sdp_ram.sdpram_inst/ram_reg_1152_1215_0_2_i_1_n_0  |                                    |                8 |             32 |
|  procclk_BUFG                   | nolabel_line60/nolabel_line84/U0/synth_options.dist_mem_inst/gen_sdp_ram.sdpram_inst/ram_reg_1216_1279_0_2_i_1_n_0  |                                    |                8 |             32 |
|  procclk_BUFG                   | nolabel_line60/nolabel_line84/U0/synth_options.dist_mem_inst/gen_sdp_ram.sdpram_inst/ram_reg_128_191_0_2_i_1_n_0    |                                    |                8 |             32 |
|  procclk_BUFG                   | nolabel_line60/nolabel_line84/U0/synth_options.dist_mem_inst/gen_sdp_ram.sdpram_inst/ram_reg_1344_1407_0_2_i_1_n_0  |                                    |                8 |             32 |
|  procclk_BUFG                   | nolabel_line60/nolabel_line84/U0/synth_options.dist_mem_inst/gen_sdp_ram.sdpram_inst/ram_reg_9472_9535_0_2_i_1_n_0  |                                    |                8 |             32 |
|  clk_0                          | tremolo_sw_IBUF                                                                                                     |                                    |               24 |             42 |
|  procclk_BUFG                   |                                                                                                                     |                                    |              182 |            501 |
+---------------------------------+---------------------------------------------------------------------------------------------------------------------+------------------------------------+------------------+----------------+


+--------+-----------------------+
| Fanout | Number of ControlSets |
+--------+-----------------------+
| 1      |                     3 |
| 2      |                     3 |
| 7      |                     1 |
| 8      |                     2 |
| 9      |                     2 |
| 10     |                     1 |
| 14     |                     1 |
| 16+    |                   176 |
+--------+-----------------------+


