Copyright 1986-2016 Xilinx, Inc. All Rights Reserved.
----------------------------------------------------------------------------------------------------------------------------------------
| Tool Version     : Vivado v.2016.4 (win64) Build 1756540 Mon Jan 23 19:11:23 MST 2017
| Date             : Sun Aug 30 14:20:32 2020
| Host             : DESKTOP-N4AP444 running 64-bit major release  (build 9200)
| Command          : report_power -file TopSys_power_routed.rpt -pb TopSys_power_summary_routed.pb -rpx TopSys_power_routed.rpx
| Design           : TopSys
| Device           : xc7z010clg400-1
| Design State     : routed
| Grade            : commercial
| Process          : typical
| Characterization : Production
----------------------------------------------------------------------------------------------------------------------------------------

Power Report

Table of Contents
-----------------
1. Summary
1.1 On-Chip Components
1.2 Power Supply Summary
1.3 Confidence Level
2. Settings
2.1 Environment
2.2 Clock Constraints
3. Detailed Reports
3.1 By Hierarchy

1. Summary
----------

+--------------------------+-------+
| Total On-Chip Power (W)  | 0.686 |
| Dynamic (W)              | 0.577 |
| Device Static (W)        | 0.109 |
| Effective TJA (C/W)      | 11.5  |
| Max Ambient (C)          | 77.1  |
| Junction Temperature (C) | 32.9  |
| Confidence Level         | Low   |
| Setting File             | ---   |
| Simulation Activity File | ---   |
| Design Nets Matched      | NA    |
+--------------------------+-------+


1.1 On-Chip Components
----------------------

+--------------------------+-----------+----------+-----------+-----------------+
| On-Chip                  | Power (W) | Used     | Available | Utilization (%) |
+--------------------------+-----------+----------+-----------+-----------------+
| Clocks                   |    <0.001 |        6 |       --- |             --- |
| Slice Logic              |     0.158 |    15487 |       --- |             --- |
|   LUT as Logic           |     0.108 |     6689 |     17600 |           38.01 |
|   LUT as Distributed RAM |     0.036 |     5504 |      6000 |           91.73 |
|   CARRY4                 |     0.011 |     1303 |      4400 |           29.61 |
|   F7/F8 Muxes            |     0.002 |      744 |     17600 |            4.23 |
|   Register               |    <0.001 |      598 |     35200 |            1.70 |
|   BUFG                   |    <0.001 |        3 |        32 |            9.38 |
|   Others                 |     0.000 |       29 |       --- |             --- |
| Signals                  |     0.271 |    11531 |       --- |             --- |
| MMCM                     |     0.135 |        1 |         2 |           50.00 |
| DSPs                     |     0.003 |        2 |        80 |            2.50 |
| I/O                      |     0.009 |       22 |       100 |           22.00 |
| Static Power             |     0.109 |          |           |                 |
| Total                    |     0.686 |          |           |                 |
+--------------------------+-----------+----------+-----------+-----------------+


1.2 Power Supply Summary
------------------------

+-----------+-------------+-----------+-------------+------------+
| Source    | Voltage (V) | Total (A) | Dynamic (A) | Static (A) |
+-----------+-------------+-----------+-------------+------------+
| Vccint    |       1.000 |     0.438 |       0.433 |      0.005 |
| Vccaux    |       1.800 |     0.086 |       0.075 |      0.011 |
| Vcco33    |       3.300 |     0.004 |       0.003 |      0.001 |
| Vcco25    |       2.500 |     0.000 |       0.000 |      0.000 |
| Vcco18    |       1.800 |     0.000 |       0.000 |      0.000 |
| Vcco15    |       1.500 |     0.000 |       0.000 |      0.000 |
| Vcco135   |       1.350 |     0.000 |       0.000 |      0.000 |
| Vcco12    |       1.200 |     0.000 |       0.000 |      0.000 |
| Vccaux_io |       1.800 |     0.000 |       0.000 |      0.000 |
| Vccbram   |       1.000 |     0.000 |       0.000 |      0.000 |
| MGTAVcc   |       1.000 |     0.000 |       0.000 |      0.000 |
| MGTAVtt   |       1.200 |     0.000 |       0.000 |      0.000 |
| MGTVccaux |       1.800 |     0.000 |       0.000 |      0.000 |
| Vccpint   |       1.000 |     0.020 |       0.000 |      0.020 |
| Vccpaux   |       1.800 |     0.010 |       0.000 |      0.010 |
| Vccpll    |       1.800 |     0.003 |       0.000 |      0.003 |
| Vcco_ddr  |       1.500 |     0.000 |       0.000 |      0.000 |
| Vcco_mio0 |       1.800 |     0.000 |       0.000 |      0.000 |
| Vcco_mio1 |       1.800 |     0.000 |       0.000 |      0.000 |
| Vccadc    |       1.800 |     0.020 |       0.000 |      0.020 |
+-----------+-------------+-----------+-------------+------------+


1.3 Confidence Level
--------------------

+-----------------------------+------------+--------------------------------------------------------+--------------------------------------------------------------------------------------------------------------------+
| User Input Data             | Confidence | Details                                                | Action                                                                                                             |
+-----------------------------+------------+--------------------------------------------------------+--------------------------------------------------------------------------------------------------------------------+
| Design implementation state | High       | Design is routed                                       |                                                                                                                    |
| Clock nodes activity        | Low        | User specified less than 75% of clocks                 | Provide missing clock activity with a constraint file, simulation results or by editing the "By Clock Domain" view |
| I/O nodes activity          | Low        | More than 75% of inputs are missing user specification | Provide missing input activity with simulation results or by editing the "By Resource Type -> I/Os" view           |
| Internal nodes activity     | Medium     | User specified less than 25% of internal nodes         | Provide missing internal nodes activity with simulation results or by editing the "By Resource Type" views         |
| Device models               | High       | Device models are Production                           |                                                                                                                    |
|                             |            |                                                        |                                                                                                                    |
| Overall confidence level    | Low        |                                                        |                                                                                                                    |
+-----------------------------+------------+--------------------------------------------------------+--------------------------------------------------------------------------------------------------------------------+


2. Settings
-----------

2.1 Environment
---------------

+-----------------------+------------------------+
| Ambient Temp (C)      | 25.0                   |
| ThetaJA (C/W)         | 11.5                   |
| Airflow (LFM)         | 250                    |
| Heat Sink             | none                   |
| ThetaSA (C/W)         | 0.0                    |
| Board Selection       | medium (10"x10")       |
| # of Board Layers     | 8to11 (8 to 11 Layers) |
| Board Temperature (C) | 25.0                   |
+-----------------------+------------------------+


2.2 Clock Constraints
---------------------

+--------------------+----------------------------------------+-----------------+
| Clock              | Domain                                 | Constraint (ns) |
+--------------------+----------------------------------------+-----------------+
| clk_out1_clk_wiz_0 | nolabel_line70/inst/clk_out1_clk_wiz_0 |            81.4 |
| clkfbout_clk_wiz_0 | nolabel_line70/inst/clkfbout_clk_wiz_0 |            50.0 |
| sys_clk_pin        | clk                                    |             8.0 |
| sys_clk_pin        | clk_IBUF                               |             8.0 |
+--------------------+----------------------------------------+-----------------+


3. Detailed Reports
-------------------

3.1 By Hierarchy
----------------

+--------------------------------------+-----------+
| Name                                 | Power (W) |
+--------------------------------------+-----------+
| TopSys                               |     0.577 |
|   nolabel_line58                     |     0.004 |
|   nolabel_line60                     |     0.251 |
|     nolabel_line84                   |     0.102 |
|       U0                             |     0.102 |
|         synth_options.dist_mem_inst  |     0.102 |
|           gen_sdp_ram.sdpram_inst    |     0.102 |
|             ram_reg_0_63_0_2         |    <0.001 |
|             ram_reg_0_63_12_14       |    <0.001 |
|             ram_reg_0_63_15_17       |    <0.001 |
|             ram_reg_0_63_18_20       |    <0.001 |
|             ram_reg_0_63_21_23       |    <0.001 |
|             ram_reg_0_63_3_5         |    <0.001 |
|             ram_reg_0_63_6_8         |    <0.001 |
|             ram_reg_0_63_9_11        |    <0.001 |
|             ram_reg_1024_1087_0_2    |    <0.001 |
|             ram_reg_1024_1087_12_14  |    <0.001 |
|             ram_reg_1024_1087_15_17  |    <0.001 |
|             ram_reg_1024_1087_18_20  |    <0.001 |
|             ram_reg_1024_1087_21_23  |    <0.001 |
|             ram_reg_1024_1087_3_5    |    <0.001 |
|             ram_reg_1024_1087_6_8    |    <0.001 |
|             ram_reg_1024_1087_9_11   |    <0.001 |
|             ram_reg_1088_1151_0_2    |    <0.001 |
|             ram_reg_1088_1151_12_14  |    <0.001 |
|             ram_reg_1088_1151_15_17  |    <0.001 |
|             ram_reg_1088_1151_18_20  |    <0.001 |
|             ram_reg_1088_1151_21_23  |    <0.001 |
|             ram_reg_1088_1151_3_5    |    <0.001 |
|             ram_reg_1088_1151_6_8    |    <0.001 |
|             ram_reg_1088_1151_9_11   |    <0.001 |
|             ram_reg_1152_1215_0_2    |    <0.001 |
|             ram_reg_1152_1215_12_14  |    <0.001 |
|             ram_reg_1152_1215_15_17  |    <0.001 |
|             ram_reg_1152_1215_18_20  |    <0.001 |
|             ram_reg_1152_1215_21_23  |    <0.001 |
|             ram_reg_1152_1215_3_5    |    <0.001 |
|             ram_reg_1152_1215_6_8    |    <0.001 |
|             ram_reg_1152_1215_9_11   |    <0.001 |
|             ram_reg_1216_1279_0_2    |    <0.001 |
|             ram_reg_1216_1279_12_14  |    <0.001 |
|             ram_reg_1216_1279_15_17  |    <0.001 |
|             ram_reg_1216_1279_18_20  |    <0.001 |
|             ram_reg_1216_1279_21_23  |    <0.001 |
|             ram_reg_1216_1279_3_5    |    <0.001 |
|             ram_reg_1216_1279_6_8    |    <0.001 |
|             ram_reg_1216_1279_9_11   |    <0.001 |
|             ram_reg_1280_1343_0_2    |    <0.001 |
|             ram_reg_1280_1343_12_14  |    <0.001 |
|             ram_reg_1280_1343_15_17  |    <0.001 |
|             ram_reg_1280_1343_18_20  |    <0.001 |
|             ram_reg_1280_1343_21_23  |    <0.001 |
|             ram_reg_1280_1343_3_5    |    <0.001 |
|             ram_reg_1280_1343_6_8    |    <0.001 |
|             ram_reg_1280_1343_9_11   |    <0.001 |
|             ram_reg_128_191_0_2      |    <0.001 |
|             ram_reg_128_191_12_14    |    <0.001 |
|             ram_reg_128_191_15_17    |    <0.001 |
|             ram_reg_128_191_18_20    |    <0.001 |
|             ram_reg_128_191_21_23    |    <0.001 |
|             ram_reg_128_191_3_5      |    <0.001 |
|             ram_reg_128_191_6_8      |    <0.001 |
|             ram_reg_128_191_9_11     |    <0.001 |
|             ram_reg_1344_1407_0_2    |    <0.001 |
|             ram_reg_1344_1407_12_14  |    <0.001 |
|             ram_reg_1344_1407_15_17  |    <0.001 |
|             ram_reg_1344_1407_18_20  |    <0.001 |
|             ram_reg_1344_1407_21_23  |    <0.001 |
|             ram_reg_1344_1407_3_5    |    <0.001 |
|             ram_reg_1344_1407_6_8    |    <0.001 |
|             ram_reg_1344_1407_9_11   |    <0.001 |
|             ram_reg_1408_1471_0_2    |    <0.001 |
|             ram_reg_1408_1471_12_14  |    <0.001 |
|             ram_reg_1408_1471_15_17  |    <0.001 |
|             ram_reg_1408_1471_18_20  |    <0.001 |
|             ram_reg_1408_1471_21_23  |    <0.001 |
|             ram_reg_1408_1471_3_5    |    <0.001 |
|             ram_reg_1408_1471_6_8    |    <0.001 |
|             ram_reg_1408_1471_9_11   |    <0.001 |
|             ram_reg_1472_1535_0_2    |    <0.001 |
|             ram_reg_1472_1535_12_14  |    <0.001 |
|             ram_reg_1472_1535_15_17  |    <0.001 |
|             ram_reg_1472_1535_18_20  |    <0.001 |
|             ram_reg_1472_1535_21_23  |    <0.001 |
|             ram_reg_1472_1535_3_5    |    <0.001 |
|             ram_reg_1472_1535_6_8    |    <0.001 |
|             ram_reg_1472_1535_9_11   |    <0.001 |
|             ram_reg_1536_1599_0_2    |    <0.001 |
|             ram_reg_1536_1599_12_14  |    <0.001 |
|             ram_reg_1536_1599_15_17  |    <0.001 |
|             ram_reg_1536_1599_18_20  |    <0.001 |
|             ram_reg_1536_1599_21_23  |    <0.001 |
|             ram_reg_1536_1599_3_5    |    <0.001 |
|             ram_reg_1536_1599_6_8    |    <0.001 |
|             ram_reg_1536_1599_9_11   |    <0.001 |
|             ram_reg_1600_1663_0_2    |    <0.001 |
|             ram_reg_1600_1663_12_14  |    <0.001 |
|             ram_reg_1600_1663_15_17  |    <0.001 |
|             ram_reg_1600_1663_18_20  |    <0.001 |
|             ram_reg_1600_1663_21_23  |    <0.001 |
|             ram_reg_1600_1663_3_5    |    <0.001 |
|             ram_reg_1600_1663_6_8    |    <0.001 |
|             ram_reg_1600_1663_9_11   |    <0.001 |
|             ram_reg_1664_1727_0_2    |    <0.001 |
|             ram_reg_1664_1727_12_14  |    <0.001 |
|             ram_reg_1664_1727_15_17  |    <0.001 |
|             ram_reg_1664_1727_18_20  |    <0.001 |
|             ram_reg_1664_1727_21_23  |    <0.001 |
|             ram_reg_1664_1727_3_5    |    <0.001 |
|             ram_reg_1664_1727_6_8    |    <0.001 |
|             ram_reg_1664_1727_9_11   |    <0.001 |
|             ram_reg_1728_1791_0_2    |    <0.001 |
|             ram_reg_1728_1791_12_14  |    <0.001 |
|             ram_reg_1728_1791_15_17  |    <0.001 |
|             ram_reg_1728_1791_18_20  |    <0.001 |
|             ram_reg_1728_1791_21_23  |    <0.001 |
|             ram_reg_1728_1791_3_5    |    <0.001 |
|             ram_reg_1728_1791_6_8    |    <0.001 |
|             ram_reg_1728_1791_9_11   |    <0.001 |
|             ram_reg_1792_1855_0_2    |    <0.001 |
|             ram_reg_1792_1855_12_14  |    <0.001 |
|             ram_reg_1792_1855_15_17  |    <0.001 |
|             ram_reg_1792_1855_18_20  |    <0.001 |
|             ram_reg_1792_1855_21_23  |    <0.001 |
|             ram_reg_1792_1855_3_5    |    <0.001 |
|             ram_reg_1792_1855_6_8    |    <0.001 |
|             ram_reg_1792_1855_9_11   |    <0.001 |
|             ram_reg_1856_1919_0_2    |    <0.001 |
|             ram_reg_1856_1919_12_14  |    <0.001 |
|             ram_reg_1856_1919_15_17  |    <0.001 |
|             ram_reg_1856_1919_18_20  |    <0.001 |
|             ram_reg_1856_1919_21_23  |    <0.001 |
|             ram_reg_1856_1919_3_5    |    <0.001 |
|             ram_reg_1856_1919_6_8    |    <0.001 |
|             ram_reg_1856_1919_9_11   |    <0.001 |
|             ram_reg_1920_1983_0_2    |    <0.001 |
|             ram_reg_1920_1983_12_14  |    <0.001 |
|             ram_reg_1920_1983_15_17  |    <0.001 |
|             ram_reg_1920_1983_18_20  |    <0.001 |
|             ram_reg_1920_1983_21_23  |    <0.001 |
|             ram_reg_1920_1983_3_5    |    <0.001 |
|             ram_reg_1920_1983_6_8    |    <0.001 |
|             ram_reg_1920_1983_9_11   |    <0.001 |
|             ram_reg_192_255_0_2      |    <0.001 |
|             ram_reg_192_255_12_14    |    <0.001 |
|             ram_reg_192_255_15_17    |    <0.001 |
|             ram_reg_192_255_18_20    |    <0.001 |
|             ram_reg_192_255_21_23    |    <0.001 |
|             ram_reg_192_255_3_5      |    <0.001 |
|             ram_reg_192_255_6_8      |    <0.001 |
|             ram_reg_192_255_9_11     |    <0.001 |
|             ram_reg_1984_2047_0_2    |    <0.001 |
|             ram_reg_1984_2047_12_14  |    <0.001 |
|             ram_reg_1984_2047_15_17  |    <0.001 |
|             ram_reg_1984_2047_18_20  |    <0.001 |
|             ram_reg_1984_2047_21_23  |    <0.001 |
|             ram_reg_1984_2047_3_5    |    <0.001 |
|             ram_reg_1984_2047_6_8    |    <0.001 |
|             ram_reg_1984_2047_9_11   |    <0.001 |
|             ram_reg_2048_2111_0_2    |    <0.001 |
|             ram_reg_2048_2111_12_14  |    <0.001 |
|             ram_reg_2048_2111_15_17  |    <0.001 |
|             ram_reg_2048_2111_18_20  |    <0.001 |
|             ram_reg_2048_2111_21_23  |    <0.001 |
|             ram_reg_2048_2111_3_5    |    <0.001 |
|             ram_reg_2048_2111_6_8    |    <0.001 |
|             ram_reg_2048_2111_9_11   |    <0.001 |
|             ram_reg_2112_2175_0_2    |    <0.001 |
|             ram_reg_2112_2175_12_14  |    <0.001 |
|             ram_reg_2112_2175_15_17  |    <0.001 |
|             ram_reg_2112_2175_18_20  |    <0.001 |
|             ram_reg_2112_2175_21_23  |    <0.001 |
|             ram_reg_2112_2175_3_5    |    <0.001 |
|             ram_reg_2112_2175_6_8    |    <0.001 |
|             ram_reg_2112_2175_9_11   |    <0.001 |
|             ram_reg_2176_2239_0_2    |    <0.001 |
|             ram_reg_2176_2239_12_14  |    <0.001 |
|             ram_reg_2176_2239_15_17  |    <0.001 |
|             ram_reg_2176_2239_18_20  |    <0.001 |
|             ram_reg_2176_2239_21_23  |    <0.001 |
|             ram_reg_2176_2239_3_5    |    <0.001 |
|             ram_reg_2176_2239_6_8    |    <0.001 |
|             ram_reg_2176_2239_9_11   |    <0.001 |
|             ram_reg_2240_2303_0_2    |    <0.001 |
|             ram_reg_2240_2303_12_14  |    <0.001 |
|             ram_reg_2240_2303_15_17  |    <0.001 |
|             ram_reg_2240_2303_18_20  |    <0.001 |
|             ram_reg_2240_2303_21_23  |    <0.001 |
|             ram_reg_2240_2303_3_5    |    <0.001 |
|             ram_reg_2240_2303_6_8    |    <0.001 |
|             ram_reg_2240_2303_9_11   |    <0.001 |
|             ram_reg_2304_2367_0_2    |    <0.001 |
|             ram_reg_2304_2367_12_14  |    <0.001 |
|             ram_reg_2304_2367_15_17  |    <0.001 |
|             ram_reg_2304_2367_18_20  |    <0.001 |
|             ram_reg_2304_2367_21_23  |    <0.001 |
|             ram_reg_2304_2367_3_5    |    <0.001 |
|             ram_reg_2304_2367_6_8    |    <0.001 |
|             ram_reg_2304_2367_9_11   |    <0.001 |
|             ram_reg_2368_2431_0_2    |    <0.001 |
|             ram_reg_2368_2431_12_14  |    <0.001 |
|             ram_reg_2368_2431_15_17  |    <0.001 |
|             ram_reg_2368_2431_18_20  |    <0.001 |
|             ram_reg_2368_2431_21_23  |    <0.001 |
|             ram_reg_2368_2431_3_5    |    <0.001 |
|             ram_reg_2368_2431_6_8    |    <0.001 |
|             ram_reg_2368_2431_9_11   |    <0.001 |
|             ram_reg_2432_2495_0_2    |    <0.001 |
|             ram_reg_2432_2495_12_14  |    <0.001 |
|             ram_reg_2432_2495_15_17  |    <0.001 |
|             ram_reg_2432_2495_18_20  |    <0.001 |
|             ram_reg_2432_2495_21_23  |    <0.001 |
|             ram_reg_2432_2495_3_5    |    <0.001 |
|             ram_reg_2432_2495_6_8    |    <0.001 |
|             ram_reg_2432_2495_9_11   |    <0.001 |
|             ram_reg_2496_2559_0_2    |    <0.001 |
|             ram_reg_2496_2559_12_14  |    <0.001 |
|             ram_reg_2496_2559_15_17  |    <0.001 |
|             ram_reg_2496_2559_18_20  |    <0.001 |
|             ram_reg_2496_2559_21_23  |    <0.001 |
|             ram_reg_2496_2559_3_5    |    <0.001 |
|             ram_reg_2496_2559_6_8    |    <0.001 |
|             ram_reg_2496_2559_9_11   |    <0.001 |
|             ram_reg_2560_2623_0_2    |    <0.001 |
|             ram_reg_2560_2623_12_14  |    <0.001 |
|             ram_reg_2560_2623_15_17  |    <0.001 |
|             ram_reg_2560_2623_18_20  |    <0.001 |
|             ram_reg_2560_2623_21_23  |    <0.001 |
|             ram_reg_2560_2623_3_5    |    <0.001 |
|             ram_reg_2560_2623_6_8    |    <0.001 |
|             ram_reg_2560_2623_9_11   |    <0.001 |
|             ram_reg_256_319_0_2      |    <0.001 |
|             ram_reg_256_319_12_14    |    <0.001 |
|             ram_reg_256_319_15_17    |    <0.001 |
|             ram_reg_256_319_18_20    |    <0.001 |
|             ram_reg_256_319_21_23    |    <0.001 |
|             ram_reg_256_319_3_5      |    <0.001 |
|             ram_reg_256_319_6_8      |    <0.001 |
|             ram_reg_256_319_9_11     |    <0.001 |
|             ram_reg_2624_2687_0_2    |    <0.001 |
|             ram_reg_2624_2687_12_14  |    <0.001 |
|             ram_reg_2624_2687_15_17  |    <0.001 |
|             ram_reg_2624_2687_18_20  |    <0.001 |
|             ram_reg_2624_2687_21_23  |    <0.001 |
|             ram_reg_2624_2687_3_5    |    <0.001 |
|             ram_reg_2624_2687_6_8    |    <0.001 |
|             ram_reg_2624_2687_9_11   |    <0.001 |
|             ram_reg_2688_2751_0_2    |    <0.001 |
|             ram_reg_2688_2751_12_14  |    <0.001 |
|             ram_reg_2688_2751_15_17  |    <0.001 |
|             ram_reg_2688_2751_18_20  |    <0.001 |
|             ram_reg_2688_2751_21_23  |    <0.001 |
|             ram_reg_2688_2751_3_5    |    <0.001 |
|             ram_reg_2688_2751_6_8    |    <0.001 |
|             ram_reg_2688_2751_9_11   |    <0.001 |
|             ram_reg_2752_2815_0_2    |    <0.001 |
|             ram_reg_2752_2815_12_14  |    <0.001 |
|             ram_reg_2752_2815_15_17  |    <0.001 |
|             ram_reg_2752_2815_18_20  |    <0.001 |
|             ram_reg_2752_2815_21_23  |    <0.001 |
|             ram_reg_2752_2815_3_5    |    <0.001 |
|             ram_reg_2752_2815_6_8    |    <0.001 |
|             ram_reg_2752_2815_9_11   |    <0.001 |
|             ram_reg_2816_2879_0_2    |    <0.001 |
|             ram_reg_2816_2879_12_14  |    <0.001 |
|             ram_reg_2816_2879_15_17  |    <0.001 |
|             ram_reg_2816_2879_18_20  |    <0.001 |
|             ram_reg_2816_2879_21_23  |    <0.001 |
|             ram_reg_2816_2879_3_5    |    <0.001 |
|             ram_reg_2816_2879_6_8    |    <0.001 |
|             ram_reg_2816_2879_9_11   |    <0.001 |
|             ram_reg_2880_2943_0_2    |    <0.001 |
|             ram_reg_2880_2943_12_14  |    <0.001 |
|             ram_reg_2880_2943_15_17  |    <0.001 |
|             ram_reg_2880_2943_18_20  |    <0.001 |
|             ram_reg_2880_2943_21_23  |    <0.001 |
|             ram_reg_2880_2943_3_5    |    <0.001 |
|             ram_reg_2880_2943_6_8    |    <0.001 |
|             ram_reg_2880_2943_9_11   |    <0.001 |
|             ram_reg_2944_3007_0_2    |    <0.001 |
|             ram_reg_2944_3007_12_14  |    <0.001 |
|             ram_reg_2944_3007_15_17  |    <0.001 |
|             ram_reg_2944_3007_18_20  |    <0.001 |
|             ram_reg_2944_3007_21_23  |    <0.001 |
|             ram_reg_2944_3007_3_5    |    <0.001 |
|             ram_reg_2944_3007_6_8    |    <0.001 |
|             ram_reg_2944_3007_9_11   |    <0.001 |
|             ram_reg_3008_3071_0_2    |    <0.001 |
|             ram_reg_3008_3071_12_14  |    <0.001 |
|             ram_reg_3008_3071_15_17  |    <0.001 |
|             ram_reg_3008_3071_18_20  |    <0.001 |
|             ram_reg_3008_3071_21_23  |    <0.001 |
|             ram_reg_3008_3071_3_5    |    <0.001 |
|             ram_reg_3008_3071_6_8    |    <0.001 |
|             ram_reg_3008_3071_9_11   |    <0.001 |
|             ram_reg_3072_3135_0_2    |    <0.001 |
|             ram_reg_3072_3135_12_14  |    <0.001 |
|             ram_reg_3072_3135_15_17  |    <0.001 |
|             ram_reg_3072_3135_18_20  |    <0.001 |
|             ram_reg_3072_3135_21_23  |    <0.001 |
|             ram_reg_3072_3135_3_5    |    <0.001 |
|             ram_reg_3072_3135_6_8    |    <0.001 |
|             ram_reg_3072_3135_9_11   |    <0.001 |
|             ram_reg_3136_3199_0_2    |    <0.001 |
|             ram_reg_3136_3199_12_14  |    <0.001 |
|             ram_reg_3136_3199_15_17  |    <0.001 |
|             ram_reg_3136_3199_18_20  |    <0.001 |
|             ram_reg_3136_3199_21_23  |    <0.001 |
|             ram_reg_3136_3199_3_5    |    <0.001 |
|             ram_reg_3136_3199_6_8    |    <0.001 |
|             ram_reg_3136_3199_9_11   |    <0.001 |
|             ram_reg_3200_3263_0_2    |    <0.001 |
|             ram_reg_3200_3263_12_14  |    <0.001 |
|             ram_reg_3200_3263_15_17  |    <0.001 |
|             ram_reg_3200_3263_18_20  |    <0.001 |
|             ram_reg_3200_3263_21_23  |    <0.001 |
|             ram_reg_3200_3263_3_5    |    <0.001 |
|             ram_reg_3200_3263_6_8    |    <0.001 |
|             ram_reg_3200_3263_9_11   |    <0.001 |
|             ram_reg_320_383_0_2      |    <0.001 |
|             ram_reg_320_383_12_14    |    <0.001 |
|             ram_reg_320_383_15_17    |    <0.001 |
|             ram_reg_320_383_18_20    |    <0.001 |
|             ram_reg_320_383_21_23    |    <0.001 |
|             ram_reg_320_383_3_5      |    <0.001 |
|             ram_reg_320_383_6_8      |    <0.001 |
|             ram_reg_320_383_9_11     |    <0.001 |
|             ram_reg_3264_3327_0_2    |    <0.001 |
|             ram_reg_3264_3327_12_14  |    <0.001 |
|             ram_reg_3264_3327_15_17  |    <0.001 |
|             ram_reg_3264_3327_18_20  |    <0.001 |
|             ram_reg_3264_3327_21_23  |    <0.001 |
|             ram_reg_3264_3327_3_5    |    <0.001 |
|             ram_reg_3264_3327_6_8    |    <0.001 |
|             ram_reg_3264_3327_9_11   |    <0.001 |
|             ram_reg_3328_3391_0_2    |    <0.001 |
|             ram_reg_3328_3391_12_14  |    <0.001 |
|             ram_reg_3328_3391_15_17  |    <0.001 |
|             ram_reg_3328_3391_18_20  |    <0.001 |
|             ram_reg_3328_3391_21_23  |    <0.001 |
|             ram_reg_3328_3391_3_5    |    <0.001 |
|             ram_reg_3328_3391_6_8    |    <0.001 |
|             ram_reg_3328_3391_9_11   |    <0.001 |
|             ram_reg_3392_3455_0_2    |    <0.001 |
|             ram_reg_3392_3455_12_14  |    <0.001 |
|             ram_reg_3392_3455_15_17  |    <0.001 |
|             ram_reg_3392_3455_18_20  |    <0.001 |
|             ram_reg_3392_3455_21_23  |    <0.001 |
|             ram_reg_3392_3455_3_5    |    <0.001 |
|             ram_reg_3392_3455_6_8    |    <0.001 |
|             ram_reg_3392_3455_9_11   |    <0.001 |
|             ram_reg_3456_3519_0_2    |    <0.001 |
|             ram_reg_3456_3519_12_14  |    <0.001 |
|             ram_reg_3456_3519_15_17  |    <0.001 |
|             ram_reg_3456_3519_18_20  |    <0.001 |
|             ram_reg_3456_3519_21_23  |    <0.001 |
|             ram_reg_3456_3519_3_5    |    <0.001 |
|             ram_reg_3456_3519_6_8    |    <0.001 |
|             ram_reg_3456_3519_9_11   |    <0.001 |
|             ram_reg_3520_3583_0_2    |    <0.001 |
|             ram_reg_3520_3583_12_14  |    <0.001 |
|             ram_reg_3520_3583_15_17  |    <0.001 |
|             ram_reg_3520_3583_18_20  |    <0.001 |
|             ram_reg_3520_3583_21_23  |    <0.001 |
|             ram_reg_3520_3583_3_5    |    <0.001 |
|             ram_reg_3520_3583_6_8    |    <0.001 |
|             ram_reg_3520_3583_9_11   |    <0.001 |
|             ram_reg_3584_3647_0_2    |    <0.001 |
|             ram_reg_3584_3647_12_14  |    <0.001 |
|             ram_reg_3584_3647_15_17  |    <0.001 |
|             ram_reg_3584_3647_18_20  |    <0.001 |
|             ram_reg_3584_3647_21_23  |    <0.001 |
|             ram_reg_3584_3647_3_5    |    <0.001 |
|             ram_reg_3584_3647_6_8    |    <0.001 |
|             ram_reg_3584_3647_9_11   |    <0.001 |
|             ram_reg_3648_3711_0_2    |    <0.001 |
|             ram_reg_3648_3711_12_14  |    <0.001 |
|             ram_reg_3648_3711_15_17  |    <0.001 |
|             ram_reg_3648_3711_18_20  |    <0.001 |
|             ram_reg_3648_3711_21_23  |    <0.001 |
|             ram_reg_3648_3711_3_5    |    <0.001 |
|             ram_reg_3648_3711_6_8    |    <0.001 |
|             ram_reg_3648_3711_9_11   |    <0.001 |
|             ram_reg_3712_3775_0_2    |    <0.001 |
|             ram_reg_3712_3775_12_14  |    <0.001 |
|             ram_reg_3712_3775_15_17  |    <0.001 |
|             ram_reg_3712_3775_18_20  |    <0.001 |
|             ram_reg_3712_3775_21_23  |    <0.001 |
|             ram_reg_3712_3775_3_5    |    <0.001 |
|             ram_reg_3712_3775_6_8    |    <0.001 |
|             ram_reg_3712_3775_9_11   |    <0.001 |
|             ram_reg_3776_3839_0_2    |    <0.001 |
|             ram_reg_3776_3839_12_14  |    <0.001 |
|             ram_reg_3776_3839_15_17  |    <0.001 |
|             ram_reg_3776_3839_18_20  |    <0.001 |
|             ram_reg_3776_3839_21_23  |    <0.001 |
|             ram_reg_3776_3839_3_5    |    <0.001 |
|             ram_reg_3776_3839_6_8    |    <0.001 |
|             ram_reg_3776_3839_9_11   |    <0.001 |
|             ram_reg_3840_3903_0_2    |    <0.001 |
|             ram_reg_3840_3903_12_14  |    <0.001 |
|             ram_reg_3840_3903_15_17  |    <0.001 |
|             ram_reg_3840_3903_18_20  |    <0.001 |
|             ram_reg_3840_3903_21_23  |    <0.001 |
|             ram_reg_3840_3903_3_5    |    <0.001 |
|             ram_reg_3840_3903_6_8    |    <0.001 |
|             ram_reg_3840_3903_9_11   |    <0.001 |
|             ram_reg_384_447_0_2      |    <0.001 |
|             ram_reg_384_447_12_14    |    <0.001 |
|             ram_reg_384_447_15_17    |    <0.001 |
|             ram_reg_384_447_18_20    |    <0.001 |
|             ram_reg_384_447_21_23    |    <0.001 |
|             ram_reg_384_447_3_5      |    <0.001 |
|             ram_reg_384_447_6_8      |    <0.001 |
|             ram_reg_384_447_9_11     |    <0.001 |
|             ram_reg_3904_3967_0_2    |    <0.001 |
|             ram_reg_3904_3967_12_14  |    <0.001 |
|             ram_reg_3904_3967_15_17  |    <0.001 |
|             ram_reg_3904_3967_18_20  |    <0.001 |
|             ram_reg_3904_3967_21_23  |    <0.001 |
|             ram_reg_3904_3967_3_5    |    <0.001 |
|             ram_reg_3904_3967_6_8    |    <0.001 |
|             ram_reg_3904_3967_9_11   |    <0.001 |
|             ram_reg_3968_4031_0_2    |    <0.001 |
|             ram_reg_3968_4031_12_14  |    <0.001 |
|             ram_reg_3968_4031_15_17  |    <0.001 |
|             ram_reg_3968_4031_18_20  |    <0.001 |
|             ram_reg_3968_4031_21_23  |    <0.001 |
|             ram_reg_3968_4031_3_5    |    <0.001 |
|             ram_reg_3968_4031_6_8    |    <0.001 |
|             ram_reg_3968_4031_9_11   |    <0.001 |
|             ram_reg_4032_4095_0_2    |    <0.001 |
|             ram_reg_4032_4095_12_14  |    <0.001 |
|             ram_reg_4032_4095_15_17  |    <0.001 |
|             ram_reg_4032_4095_18_20  |    <0.001 |
|             ram_reg_4032_4095_21_23  |    <0.001 |
|             ram_reg_4032_4095_3_5    |    <0.001 |
|             ram_reg_4032_4095_6_8    |    <0.001 |
|             ram_reg_4032_4095_9_11   |    <0.001 |
|             ram_reg_4096_4159_0_2    |    <0.001 |
|             ram_reg_4096_4159_12_14  |    <0.001 |
|             ram_reg_4096_4159_15_17  |    <0.001 |
|             ram_reg_4096_4159_18_20  |    <0.001 |
|             ram_reg_4096_4159_21_23  |    <0.001 |
|             ram_reg_4096_4159_3_5    |    <0.001 |
|             ram_reg_4096_4159_6_8    |    <0.001 |
|             ram_reg_4096_4159_9_11   |    <0.001 |
|             ram_reg_4160_4223_0_2    |    <0.001 |
|             ram_reg_4160_4223_12_14  |    <0.001 |
|             ram_reg_4160_4223_15_17  |    <0.001 |
|             ram_reg_4160_4223_18_20  |    <0.001 |
|             ram_reg_4160_4223_21_23  |    <0.001 |
|             ram_reg_4160_4223_3_5    |    <0.001 |
|             ram_reg_4160_4223_6_8    |    <0.001 |
|             ram_reg_4160_4223_9_11   |    <0.001 |
|             ram_reg_4224_4287_0_2    |    <0.001 |
|             ram_reg_4224_4287_12_14  |    <0.001 |
|             ram_reg_4224_4287_15_17  |    <0.001 |
|             ram_reg_4224_4287_18_20  |    <0.001 |
|             ram_reg_4224_4287_21_23  |    <0.001 |
|             ram_reg_4224_4287_3_5    |    <0.001 |
|             ram_reg_4224_4287_6_8    |    <0.001 |
|             ram_reg_4224_4287_9_11   |    <0.001 |
|             ram_reg_4288_4351_0_2    |    <0.001 |
|             ram_reg_4288_4351_12_14  |    <0.001 |
|             ram_reg_4288_4351_15_17  |    <0.001 |
|             ram_reg_4288_4351_18_20  |    <0.001 |
|             ram_reg_4288_4351_21_23  |    <0.001 |
|             ram_reg_4288_4351_3_5    |    <0.001 |
|             ram_reg_4288_4351_6_8    |    <0.001 |
|             ram_reg_4288_4351_9_11   |    <0.001 |
|             ram_reg_4352_4415_0_2    |    <0.001 |
|             ram_reg_4352_4415_12_14  |    <0.001 |
|             ram_reg_4352_4415_15_17  |    <0.001 |
|             ram_reg_4352_4415_18_20  |    <0.001 |
|             ram_reg_4352_4415_21_23  |    <0.001 |
|             ram_reg_4352_4415_3_5    |    <0.001 |
|             ram_reg_4352_4415_6_8    |    <0.001 |
|             ram_reg_4352_4415_9_11   |    <0.001 |
|             ram_reg_4416_4479_0_2    |    <0.001 |
|             ram_reg_4416_4479_12_14  |    <0.001 |
|             ram_reg_4416_4479_15_17  |    <0.001 |
|             ram_reg_4416_4479_18_20  |    <0.001 |
|             ram_reg_4416_4479_21_23  |    <0.001 |
|             ram_reg_4416_4479_3_5    |    <0.001 |
|             ram_reg_4416_4479_6_8    |    <0.001 |
|             ram_reg_4416_4479_9_11   |    <0.001 |
|             ram_reg_4480_4543_0_2    |    <0.001 |
|             ram_reg_4480_4543_12_14  |    <0.001 |
|             ram_reg_4480_4543_15_17  |    <0.001 |
|             ram_reg_4480_4543_18_20  |    <0.001 |
|             ram_reg_4480_4543_21_23  |    <0.001 |
|             ram_reg_4480_4543_3_5    |    <0.001 |
|             ram_reg_4480_4543_6_8    |    <0.001 |
|             ram_reg_4480_4543_9_11   |    <0.001 |
|             ram_reg_448_511_0_2      |    <0.001 |
|             ram_reg_448_511_12_14    |    <0.001 |
|             ram_reg_448_511_15_17    |    <0.001 |
|             ram_reg_448_511_18_20    |    <0.001 |
|             ram_reg_448_511_21_23    |    <0.001 |
|             ram_reg_448_511_3_5      |    <0.001 |
|             ram_reg_448_511_6_8      |    <0.001 |
|             ram_reg_448_511_9_11     |    <0.001 |
|             ram_reg_4544_4607_0_2    |    <0.001 |
|             ram_reg_4544_4607_12_14  |    <0.001 |
|             ram_reg_4544_4607_15_17  |    <0.001 |
|             ram_reg_4544_4607_18_20  |    <0.001 |
|             ram_reg_4544_4607_21_23  |    <0.001 |
|             ram_reg_4544_4607_3_5    |    <0.001 |
|             ram_reg_4544_4607_6_8    |    <0.001 |
|             ram_reg_4544_4607_9_11   |    <0.001 |
|             ram_reg_4608_4671_0_2    |    <0.001 |
|             ram_reg_4608_4671_12_14  |    <0.001 |
|             ram_reg_4608_4671_15_17  |    <0.001 |
|             ram_reg_4608_4671_18_20  |    <0.001 |
|             ram_reg_4608_4671_21_23  |    <0.001 |
|             ram_reg_4608_4671_3_5    |    <0.001 |
|             ram_reg_4608_4671_6_8    |    <0.001 |
|             ram_reg_4608_4671_9_11   |    <0.001 |
|             ram_reg_4672_4735_0_2    |    <0.001 |
|             ram_reg_4672_4735_12_14  |    <0.001 |
|             ram_reg_4672_4735_15_17  |    <0.001 |
|             ram_reg_4672_4735_18_20  |    <0.001 |
|             ram_reg_4672_4735_21_23  |    <0.001 |
|             ram_reg_4672_4735_3_5    |    <0.001 |
|             ram_reg_4672_4735_6_8    |    <0.001 |
|             ram_reg_4672_4735_9_11   |    <0.001 |
|             ram_reg_4736_4799_0_2    |    <0.001 |
|             ram_reg_4736_4799_12_14  |    <0.001 |
|             ram_reg_4736_4799_15_17  |    <0.001 |
|             ram_reg_4736_4799_18_20  |    <0.001 |
|             ram_reg_4736_4799_21_23  |    <0.001 |
|             ram_reg_4736_4799_3_5    |    <0.001 |
|             ram_reg_4736_4799_6_8    |    <0.001 |
|             ram_reg_4736_4799_9_11   |    <0.001 |
|             ram_reg_4800_4863_0_2    |    <0.001 |
|             ram_reg_4800_4863_12_14  |    <0.001 |
|             ram_reg_4800_4863_15_17  |    <0.001 |
|             ram_reg_4800_4863_18_20  |    <0.001 |
|             ram_reg_4800_4863_21_23  |    <0.001 |
|             ram_reg_4800_4863_3_5    |    <0.001 |
|             ram_reg_4800_4863_6_8    |    <0.001 |
|             ram_reg_4800_4863_9_11   |    <0.001 |
|             ram_reg_4864_4927_0_2    |    <0.001 |
|             ram_reg_4864_4927_12_14  |    <0.001 |
|             ram_reg_4864_4927_15_17  |    <0.001 |
|             ram_reg_4864_4927_18_20  |    <0.001 |
|             ram_reg_4864_4927_21_23  |    <0.001 |
|             ram_reg_4864_4927_3_5    |    <0.001 |
|             ram_reg_4864_4927_6_8    |    <0.001 |
|             ram_reg_4864_4927_9_11   |    <0.001 |
|             ram_reg_4928_4991_0_2    |    <0.001 |
|             ram_reg_4928_4991_12_14  |    <0.001 |
|             ram_reg_4928_4991_15_17  |    <0.001 |
|             ram_reg_4928_4991_18_20  |    <0.001 |
|             ram_reg_4928_4991_21_23  |    <0.001 |
|             ram_reg_4928_4991_3_5    |    <0.001 |
|             ram_reg_4928_4991_6_8    |    <0.001 |
|             ram_reg_4928_4991_9_11   |    <0.001 |
|             ram_reg_4992_5055_0_2    |    <0.001 |
|             ram_reg_4992_5055_12_14  |    <0.001 |
|             ram_reg_4992_5055_15_17  |    <0.001 |
|             ram_reg_4992_5055_18_20  |    <0.001 |
|             ram_reg_4992_5055_21_23  |    <0.001 |
|             ram_reg_4992_5055_3_5    |    <0.001 |
|             ram_reg_4992_5055_6_8    |    <0.001 |
|             ram_reg_4992_5055_9_11   |    <0.001 |
|             ram_reg_5056_5119_0_2    |    <0.001 |
|             ram_reg_5056_5119_12_14  |    <0.001 |
|             ram_reg_5056_5119_15_17  |    <0.001 |
|             ram_reg_5056_5119_18_20  |    <0.001 |
|             ram_reg_5056_5119_21_23  |    <0.001 |
|             ram_reg_5056_5119_3_5    |    <0.001 |
|             ram_reg_5056_5119_6_8    |    <0.001 |
|             ram_reg_5056_5119_9_11   |    <0.001 |
|             ram_reg_5120_5183_0_2    |    <0.001 |
|             ram_reg_5120_5183_12_14  |    <0.001 |
|             ram_reg_5120_5183_15_17  |    <0.001 |
|             ram_reg_5120_5183_18_20  |    <0.001 |
|             ram_reg_5120_5183_21_23  |    <0.001 |
|             ram_reg_5120_5183_3_5    |    <0.001 |
|             ram_reg_5120_5183_6_8    |    <0.001 |
|             ram_reg_5120_5183_9_11   |    <0.001 |
|             ram_reg_512_575_0_2      |    <0.001 |
|             ram_reg_512_575_12_14    |    <0.001 |
|             ram_reg_512_575_15_17    |    <0.001 |
|             ram_reg_512_575_18_20    |    <0.001 |
|             ram_reg_512_575_21_23    |    <0.001 |
|             ram_reg_512_575_3_5      |    <0.001 |
|             ram_reg_512_575_6_8      |    <0.001 |
|             ram_reg_512_575_9_11     |    <0.001 |
|             ram_reg_5184_5247_0_2    |    <0.001 |
|             ram_reg_5184_5247_12_14  |    <0.001 |
|             ram_reg_5184_5247_15_17  |    <0.001 |
|             ram_reg_5184_5247_18_20  |    <0.001 |
|             ram_reg_5184_5247_21_23  |    <0.001 |
|             ram_reg_5184_5247_3_5    |    <0.001 |
|             ram_reg_5184_5247_6_8    |    <0.001 |
|             ram_reg_5184_5247_9_11   |    <0.001 |
|             ram_reg_5248_5311_0_2    |    <0.001 |
|             ram_reg_5248_5311_12_14  |    <0.001 |
|             ram_reg_5248_5311_15_17  |    <0.001 |
|             ram_reg_5248_5311_18_20  |    <0.001 |
|             ram_reg_5248_5311_21_23  |    <0.001 |
|             ram_reg_5248_5311_3_5    |    <0.001 |
|             ram_reg_5248_5311_6_8    |    <0.001 |
|             ram_reg_5248_5311_9_11   |    <0.001 |
|             ram_reg_5312_5375_0_2    |    <0.001 |
|             ram_reg_5312_5375_12_14  |    <0.001 |
|             ram_reg_5312_5375_15_17  |    <0.001 |
|             ram_reg_5312_5375_18_20  |    <0.001 |
|             ram_reg_5312_5375_21_23  |    <0.001 |
|             ram_reg_5312_5375_3_5    |    <0.001 |
|             ram_reg_5312_5375_6_8    |    <0.001 |
|             ram_reg_5312_5375_9_11   |    <0.001 |
|             ram_reg_5376_5439_0_2    |    <0.001 |
|             ram_reg_5376_5439_12_14  |    <0.001 |
|             ram_reg_5376_5439_15_17  |    <0.001 |
|             ram_reg_5376_5439_18_20  |    <0.001 |
|             ram_reg_5376_5439_21_23  |    <0.001 |
|             ram_reg_5376_5439_3_5    |    <0.001 |
|             ram_reg_5376_5439_6_8    |    <0.001 |
|             ram_reg_5376_5439_9_11   |    <0.001 |
|             ram_reg_5440_5503_0_2    |    <0.001 |
|             ram_reg_5440_5503_12_14  |    <0.001 |
|             ram_reg_5440_5503_15_17  |    <0.001 |
|             ram_reg_5440_5503_18_20  |    <0.001 |
|             ram_reg_5440_5503_21_23  |    <0.001 |
|             ram_reg_5440_5503_3_5    |    <0.001 |
|             ram_reg_5440_5503_6_8    |    <0.001 |
|             ram_reg_5440_5503_9_11   |    <0.001 |
|             ram_reg_5504_5567_0_2    |    <0.001 |
|             ram_reg_5504_5567_12_14  |    <0.001 |
|             ram_reg_5504_5567_15_17  |    <0.001 |
|             ram_reg_5504_5567_18_20  |    <0.001 |
|             ram_reg_5504_5567_21_23  |    <0.001 |
|             ram_reg_5504_5567_3_5    |    <0.001 |
|             ram_reg_5504_5567_6_8    |    <0.001 |
|             ram_reg_5504_5567_9_11   |    <0.001 |
|             ram_reg_5568_5631_0_2    |    <0.001 |
|             ram_reg_5568_5631_12_14  |    <0.001 |
|             ram_reg_5568_5631_15_17  |    <0.001 |
|             ram_reg_5568_5631_18_20  |    <0.001 |
|             ram_reg_5568_5631_21_23  |    <0.001 |
|             ram_reg_5568_5631_3_5    |    <0.001 |
|             ram_reg_5568_5631_6_8    |    <0.001 |
|             ram_reg_5568_5631_9_11   |    <0.001 |
|             ram_reg_5632_5695_0_2    |    <0.001 |
|             ram_reg_5632_5695_12_14  |    <0.001 |
|             ram_reg_5632_5695_15_17  |    <0.001 |
|             ram_reg_5632_5695_18_20  |    <0.001 |
|             ram_reg_5632_5695_21_23  |    <0.001 |
|             ram_reg_5632_5695_3_5    |    <0.001 |
|             ram_reg_5632_5695_6_8    |    <0.001 |
|             ram_reg_5632_5695_9_11   |    <0.001 |
|             ram_reg_5696_5759_0_2    |    <0.001 |
|             ram_reg_5696_5759_12_14  |    <0.001 |
|             ram_reg_5696_5759_15_17  |    <0.001 |
|             ram_reg_5696_5759_18_20  |    <0.001 |
|             ram_reg_5696_5759_21_23  |    <0.001 |
|             ram_reg_5696_5759_3_5    |    <0.001 |
|             ram_reg_5696_5759_6_8    |    <0.001 |
|             ram_reg_5696_5759_9_11   |    <0.001 |
|             ram_reg_5760_5823_0_2    |    <0.001 |
|             ram_reg_5760_5823_12_14  |    <0.001 |
|             ram_reg_5760_5823_15_17  |    <0.001 |
|             ram_reg_5760_5823_18_20  |    <0.001 |
|             ram_reg_5760_5823_21_23  |    <0.001 |
|             ram_reg_5760_5823_3_5    |    <0.001 |
|             ram_reg_5760_5823_6_8    |    <0.001 |
|             ram_reg_5760_5823_9_11   |    <0.001 |
|             ram_reg_576_639_0_2      |    <0.001 |
|             ram_reg_576_639_12_14    |    <0.001 |
|             ram_reg_576_639_15_17    |    <0.001 |
|             ram_reg_576_639_18_20    |    <0.001 |
|             ram_reg_576_639_21_23    |    <0.001 |
|             ram_reg_576_639_3_5      |    <0.001 |
|             ram_reg_576_639_6_8      |    <0.001 |
|             ram_reg_576_639_9_11     |    <0.001 |
|             ram_reg_5824_5887_0_2    |    <0.001 |
|             ram_reg_5824_5887_12_14  |    <0.001 |
|             ram_reg_5824_5887_15_17  |    <0.001 |
|             ram_reg_5824_5887_18_20  |    <0.001 |
|             ram_reg_5824_5887_21_23  |    <0.001 |
|             ram_reg_5824_5887_3_5    |    <0.001 |
|             ram_reg_5824_5887_6_8    |    <0.001 |
|             ram_reg_5824_5887_9_11   |    <0.001 |
|             ram_reg_5888_5951_0_2    |    <0.001 |
|             ram_reg_5888_5951_12_14  |    <0.001 |
|             ram_reg_5888_5951_15_17  |    <0.001 |
|             ram_reg_5888_5951_18_20  |    <0.001 |
|             ram_reg_5888_5951_21_23  |    <0.001 |
|             ram_reg_5888_5951_3_5    |    <0.001 |
|             ram_reg_5888_5951_6_8    |    <0.001 |
|             ram_reg_5888_5951_9_11   |    <0.001 |
|             ram_reg_5952_6015_0_2    |    <0.001 |
|             ram_reg_5952_6015_12_14  |    <0.001 |
|             ram_reg_5952_6015_15_17  |    <0.001 |
|             ram_reg_5952_6015_18_20  |    <0.001 |
|             ram_reg_5952_6015_21_23  |    <0.001 |
|             ram_reg_5952_6015_3_5    |    <0.001 |
|             ram_reg_5952_6015_6_8    |    <0.001 |
|             ram_reg_5952_6015_9_11   |    <0.001 |
|             ram_reg_6016_6079_0_2    |    <0.001 |
|             ram_reg_6016_6079_12_14  |    <0.001 |
|             ram_reg_6016_6079_15_17  |    <0.001 |
|             ram_reg_6016_6079_18_20  |    <0.001 |
|             ram_reg_6016_6079_21_23  |    <0.001 |
|             ram_reg_6016_6079_3_5    |    <0.001 |
|             ram_reg_6016_6079_6_8    |    <0.001 |
|             ram_reg_6016_6079_9_11   |    <0.001 |
|             ram_reg_6080_6143_0_2    |    <0.001 |
|             ram_reg_6080_6143_12_14  |    <0.001 |
|             ram_reg_6080_6143_15_17  |    <0.001 |
|             ram_reg_6080_6143_18_20  |    <0.001 |
|             ram_reg_6080_6143_21_23  |    <0.001 |
|             ram_reg_6080_6143_3_5    |    <0.001 |
|             ram_reg_6080_6143_6_8    |    <0.001 |
|             ram_reg_6080_6143_9_11   |    <0.001 |
|             ram_reg_6144_6207_0_2    |    <0.001 |
|             ram_reg_6144_6207_12_14  |    <0.001 |
|             ram_reg_6144_6207_15_17  |    <0.001 |
|             ram_reg_6144_6207_18_20  |    <0.001 |
|             ram_reg_6144_6207_21_23  |    <0.001 |
|             ram_reg_6144_6207_3_5    |    <0.001 |
|             ram_reg_6144_6207_6_8    |    <0.001 |
|             ram_reg_6144_6207_9_11   |    <0.001 |
|             ram_reg_6208_6271_0_2    |    <0.001 |
|             ram_reg_6208_6271_12_14  |    <0.001 |
|             ram_reg_6208_6271_15_17  |    <0.001 |
|             ram_reg_6208_6271_18_20  |    <0.001 |
|             ram_reg_6208_6271_21_23  |    <0.001 |
|             ram_reg_6208_6271_3_5    |    <0.001 |
|             ram_reg_6208_6271_6_8    |    <0.001 |
|             ram_reg_6208_6271_9_11   |    <0.001 |
|             ram_reg_6272_6335_0_2    |    <0.001 |
|             ram_reg_6272_6335_12_14  |    <0.001 |
|             ram_reg_6272_6335_15_17  |    <0.001 |
|             ram_reg_6272_6335_18_20  |    <0.001 |
|             ram_reg_6272_6335_21_23  |    <0.001 |
|             ram_reg_6272_6335_3_5    |    <0.001 |
|             ram_reg_6272_6335_6_8    |    <0.001 |
|             ram_reg_6272_6335_9_11   |    <0.001 |
|             ram_reg_6336_6399_0_2    |    <0.001 |
|             ram_reg_6336_6399_12_14  |    <0.001 |
|             ram_reg_6336_6399_15_17  |    <0.001 |
|             ram_reg_6336_6399_18_20  |    <0.001 |
|             ram_reg_6336_6399_21_23  |    <0.001 |
|             ram_reg_6336_6399_3_5    |    <0.001 |
|             ram_reg_6336_6399_6_8    |    <0.001 |
|             ram_reg_6336_6399_9_11   |    <0.001 |
|             ram_reg_6400_6463_0_2    |    <0.001 |
|             ram_reg_6400_6463_12_14  |    <0.001 |
|             ram_reg_6400_6463_15_17  |    <0.001 |
|             ram_reg_6400_6463_18_20  |    <0.001 |
|             ram_reg_6400_6463_21_23  |    <0.001 |
|             ram_reg_6400_6463_3_5    |    <0.001 |
|             ram_reg_6400_6463_6_8    |    <0.001 |
|             ram_reg_6400_6463_9_11   |    <0.001 |
|             ram_reg_640_703_0_2      |    <0.001 |
|             ram_reg_640_703_12_14    |    <0.001 |
|             ram_reg_640_703_15_17    |    <0.001 |
|             ram_reg_640_703_18_20    |    <0.001 |
|             ram_reg_640_703_21_23    |    <0.001 |
|             ram_reg_640_703_3_5      |    <0.001 |
|             ram_reg_640_703_6_8      |    <0.001 |
|             ram_reg_640_703_9_11     |    <0.001 |
|             ram_reg_6464_6527_0_2    |    <0.001 |
|             ram_reg_6464_6527_12_14  |    <0.001 |
|             ram_reg_6464_6527_15_17  |    <0.001 |
|             ram_reg_6464_6527_18_20  |    <0.001 |
|             ram_reg_6464_6527_21_23  |    <0.001 |
|             ram_reg_6464_6527_3_5    |    <0.001 |
|             ram_reg_6464_6527_6_8    |    <0.001 |
|             ram_reg_6464_6527_9_11   |    <0.001 |
|             ram_reg_64_127_0_2       |    <0.001 |
|             ram_reg_64_127_12_14     |    <0.001 |
|             ram_reg_64_127_15_17     |    <0.001 |
|             ram_reg_64_127_18_20     |    <0.001 |
|             ram_reg_64_127_21_23     |    <0.001 |
|             ram_reg_64_127_3_5       |    <0.001 |
|             ram_reg_64_127_6_8       |    <0.001 |
|             ram_reg_64_127_9_11      |    <0.001 |
|             ram_reg_6528_6591_0_2    |    <0.001 |
|             ram_reg_6528_6591_12_14  |    <0.001 |
|             ram_reg_6528_6591_15_17  |    <0.001 |
|             ram_reg_6528_6591_18_20  |    <0.001 |
|             ram_reg_6528_6591_21_23  |    <0.001 |
|             ram_reg_6528_6591_3_5    |    <0.001 |
|             ram_reg_6528_6591_6_8    |    <0.001 |
|             ram_reg_6528_6591_9_11   |    <0.001 |
|             ram_reg_6592_6655_0_2    |    <0.001 |
|             ram_reg_6592_6655_12_14  |    <0.001 |
|             ram_reg_6592_6655_15_17  |    <0.001 |
|             ram_reg_6592_6655_18_20  |    <0.001 |
|             ram_reg_6592_6655_21_23  |    <0.001 |
|             ram_reg_6592_6655_3_5    |    <0.001 |
|             ram_reg_6592_6655_6_8    |    <0.001 |
|             ram_reg_6592_6655_9_11   |    <0.001 |
|             ram_reg_6656_6719_0_2    |    <0.001 |
|             ram_reg_6656_6719_12_14  |    <0.001 |
|             ram_reg_6656_6719_15_17  |    <0.001 |
|             ram_reg_6656_6719_18_20  |    <0.001 |
|             ram_reg_6656_6719_21_23  |    <0.001 |
|             ram_reg_6656_6719_3_5    |    <0.001 |
|             ram_reg_6656_6719_6_8    |    <0.001 |
|             ram_reg_6656_6719_9_11   |    <0.001 |
|             ram_reg_6720_6783_0_2    |    <0.001 |
|             ram_reg_6720_6783_12_14  |    <0.001 |
|             ram_reg_6720_6783_15_17  |    <0.001 |
|             ram_reg_6720_6783_18_20  |    <0.001 |
|             ram_reg_6720_6783_21_23  |    <0.001 |
|             ram_reg_6720_6783_3_5    |    <0.001 |
|             ram_reg_6720_6783_6_8    |    <0.001 |
|             ram_reg_6720_6783_9_11   |    <0.001 |
|             ram_reg_6784_6847_0_2    |    <0.001 |
|             ram_reg_6784_6847_12_14  |    <0.001 |
|             ram_reg_6784_6847_15_17  |    <0.001 |
|             ram_reg_6784_6847_18_20  |    <0.001 |
|             ram_reg_6784_6847_21_23  |    <0.001 |
|             ram_reg_6784_6847_3_5    |    <0.001 |
|             ram_reg_6784_6847_6_8    |    <0.001 |
|             ram_reg_6784_6847_9_11   |    <0.001 |
|             ram_reg_6848_6911_0_2    |    <0.001 |
|             ram_reg_6848_6911_12_14  |    <0.001 |
|             ram_reg_6848_6911_15_17  |    <0.001 |
|             ram_reg_6848_6911_18_20  |    <0.001 |
|             ram_reg_6848_6911_21_23  |    <0.001 |
|             ram_reg_6848_6911_3_5    |    <0.001 |
|             ram_reg_6848_6911_6_8    |    <0.001 |
|             ram_reg_6848_6911_9_11   |    <0.001 |
|             ram_reg_6912_6975_0_2    |    <0.001 |
|             ram_reg_6912_6975_12_14  |    <0.001 |
|             ram_reg_6912_6975_15_17  |    <0.001 |
|             ram_reg_6912_6975_18_20  |    <0.001 |
|             ram_reg_6912_6975_21_23  |    <0.001 |
|             ram_reg_6912_6975_3_5    |    <0.001 |
|             ram_reg_6912_6975_6_8    |    <0.001 |
|             ram_reg_6912_6975_9_11   |    <0.001 |
|             ram_reg_6976_7039_0_2    |    <0.001 |
|             ram_reg_6976_7039_12_14  |    <0.001 |
|             ram_reg_6976_7039_15_17  |    <0.001 |
|             ram_reg_6976_7039_18_20  |    <0.001 |
|             ram_reg_6976_7039_21_23  |    <0.001 |
|             ram_reg_6976_7039_3_5    |    <0.001 |
|             ram_reg_6976_7039_6_8    |    <0.001 |
|             ram_reg_6976_7039_9_11   |    <0.001 |
|             ram_reg_7040_7103_0_2    |    <0.001 |
|             ram_reg_7040_7103_12_14  |    <0.001 |
|             ram_reg_7040_7103_15_17  |    <0.001 |
|             ram_reg_7040_7103_18_20  |    <0.001 |
|             ram_reg_7040_7103_21_23  |    <0.001 |
|             ram_reg_7040_7103_3_5    |    <0.001 |
|             ram_reg_7040_7103_6_8    |    <0.001 |
|             ram_reg_7040_7103_9_11   |    <0.001 |
|             ram_reg_704_767_0_2      |    <0.001 |
|             ram_reg_704_767_12_14    |    <0.001 |
|             ram_reg_704_767_15_17    |    <0.001 |
|             ram_reg_704_767_18_20    |    <0.001 |
|             ram_reg_704_767_21_23    |    <0.001 |
|             ram_reg_704_767_3_5      |    <0.001 |
|             ram_reg_704_767_6_8      |    <0.001 |
|             ram_reg_704_767_9_11     |    <0.001 |
|             ram_reg_7104_7167_0_2    |    <0.001 |
|             ram_reg_7104_7167_12_14  |    <0.001 |
|             ram_reg_7104_7167_15_17  |    <0.001 |
|             ram_reg_7104_7167_18_20  |    <0.001 |
|             ram_reg_7104_7167_21_23  |    <0.001 |
|             ram_reg_7104_7167_3_5    |    <0.001 |
|             ram_reg_7104_7167_6_8    |    <0.001 |
|             ram_reg_7104_7167_9_11   |    <0.001 |
|             ram_reg_7168_7231_0_2    |    <0.001 |
|             ram_reg_7168_7231_12_14  |    <0.001 |
|             ram_reg_7168_7231_15_17  |    <0.001 |
|             ram_reg_7168_7231_18_20  |    <0.001 |
|             ram_reg_7168_7231_21_23  |    <0.001 |
|             ram_reg_7168_7231_3_5    |    <0.001 |
|             ram_reg_7168_7231_6_8    |    <0.001 |
|             ram_reg_7168_7231_9_11   |    <0.001 |
|             ram_reg_7232_7295_0_2    |    <0.001 |
|             ram_reg_7232_7295_12_14  |    <0.001 |
|             ram_reg_7232_7295_15_17  |    <0.001 |
|             ram_reg_7232_7295_18_20  |    <0.001 |
|             ram_reg_7232_7295_21_23  |    <0.001 |
|             ram_reg_7232_7295_3_5    |    <0.001 |
|             ram_reg_7232_7295_6_8    |    <0.001 |
|             ram_reg_7232_7295_9_11   |    <0.001 |
|             ram_reg_7296_7359_0_2    |    <0.001 |
|             ram_reg_7296_7359_12_14  |    <0.001 |
|             ram_reg_7296_7359_15_17  |    <0.001 |
|             ram_reg_7296_7359_18_20  |    <0.001 |
|             ram_reg_7296_7359_21_23  |    <0.001 |
|             ram_reg_7296_7359_3_5    |    <0.001 |
|             ram_reg_7296_7359_6_8    |    <0.001 |
|             ram_reg_7296_7359_9_11   |    <0.001 |
|             ram_reg_7360_7423_0_2    |    <0.001 |
|             ram_reg_7360_7423_12_14  |    <0.001 |
|             ram_reg_7360_7423_15_17  |    <0.001 |
|             ram_reg_7360_7423_18_20  |    <0.001 |
|             ram_reg_7360_7423_21_23  |    <0.001 |
|             ram_reg_7360_7423_3_5    |    <0.001 |
|             ram_reg_7360_7423_6_8    |    <0.001 |
|             ram_reg_7360_7423_9_11   |    <0.001 |
|             ram_reg_7424_7487_0_2    |    <0.001 |
|             ram_reg_7424_7487_12_14  |    <0.001 |
|             ram_reg_7424_7487_15_17  |    <0.001 |
|             ram_reg_7424_7487_18_20  |    <0.001 |
|             ram_reg_7424_7487_21_23  |    <0.001 |
|             ram_reg_7424_7487_3_5    |    <0.001 |
|             ram_reg_7424_7487_6_8    |    <0.001 |
|             ram_reg_7424_7487_9_11   |    <0.001 |
|             ram_reg_7488_7551_0_2    |    <0.001 |
|             ram_reg_7488_7551_12_14  |    <0.001 |
|             ram_reg_7488_7551_15_17  |    <0.001 |
|             ram_reg_7488_7551_18_20  |    <0.001 |
|             ram_reg_7488_7551_21_23  |    <0.001 |
|             ram_reg_7488_7551_3_5    |    <0.001 |
|             ram_reg_7488_7551_6_8    |    <0.001 |
|             ram_reg_7488_7551_9_11   |    <0.001 |
|             ram_reg_7552_7615_0_2    |    <0.001 |
|             ram_reg_7552_7615_12_14  |    <0.001 |
|             ram_reg_7552_7615_15_17  |    <0.001 |
|             ram_reg_7552_7615_18_20  |    <0.001 |
|             ram_reg_7552_7615_21_23  |    <0.001 |
|             ram_reg_7552_7615_3_5    |    <0.001 |
|             ram_reg_7552_7615_6_8    |    <0.001 |
|             ram_reg_7552_7615_9_11   |    <0.001 |
|             ram_reg_7616_7679_0_2    |    <0.001 |
|             ram_reg_7616_7679_12_14  |    <0.001 |
|             ram_reg_7616_7679_15_17  |    <0.001 |
|             ram_reg_7616_7679_18_20  |    <0.001 |
|             ram_reg_7616_7679_21_23  |    <0.001 |
|             ram_reg_7616_7679_3_5    |    <0.001 |
|             ram_reg_7616_7679_6_8    |    <0.001 |
|             ram_reg_7616_7679_9_11   |    <0.001 |
|             ram_reg_7680_7743_0_2    |    <0.001 |
|             ram_reg_7680_7743_12_14  |    <0.001 |
|             ram_reg_7680_7743_15_17  |    <0.001 |
|             ram_reg_7680_7743_18_20  |    <0.001 |
|             ram_reg_7680_7743_21_23  |    <0.001 |
|             ram_reg_7680_7743_3_5    |    <0.001 |
|             ram_reg_7680_7743_6_8    |    <0.001 |
|             ram_reg_7680_7743_9_11   |    <0.001 |
|             ram_reg_768_831_0_2      |    <0.001 |
|             ram_reg_768_831_12_14    |    <0.001 |
|             ram_reg_768_831_15_17    |    <0.001 |
|             ram_reg_768_831_18_20    |    <0.001 |
|             ram_reg_768_831_21_23    |    <0.001 |
|             ram_reg_768_831_3_5      |    <0.001 |
|             ram_reg_768_831_6_8      |    <0.001 |
|             ram_reg_768_831_9_11     |    <0.001 |
|             ram_reg_7744_7807_0_2    |    <0.001 |
|             ram_reg_7744_7807_12_14  |    <0.001 |
|             ram_reg_7744_7807_15_17  |    <0.001 |
|             ram_reg_7744_7807_18_20  |    <0.001 |
|             ram_reg_7744_7807_21_23  |    <0.001 |
|             ram_reg_7744_7807_3_5    |    <0.001 |
|             ram_reg_7744_7807_6_8    |    <0.001 |
|             ram_reg_7744_7807_9_11   |    <0.001 |
|             ram_reg_7808_7871_0_2    |    <0.001 |
|             ram_reg_7808_7871_12_14  |    <0.001 |
|             ram_reg_7808_7871_15_17  |    <0.001 |
|             ram_reg_7808_7871_18_20  |    <0.001 |
|             ram_reg_7808_7871_21_23  |    <0.001 |
|             ram_reg_7808_7871_3_5    |    <0.001 |
|             ram_reg_7808_7871_6_8    |    <0.001 |
|             ram_reg_7808_7871_9_11   |    <0.001 |
|             ram_reg_7872_7935_0_2    |    <0.001 |
|             ram_reg_7872_7935_12_14  |    <0.001 |
|             ram_reg_7872_7935_15_17  |    <0.001 |
|             ram_reg_7872_7935_18_20  |    <0.001 |
|             ram_reg_7872_7935_21_23  |    <0.001 |
|             ram_reg_7872_7935_3_5    |    <0.001 |
|             ram_reg_7872_7935_6_8    |    <0.001 |
|             ram_reg_7872_7935_9_11   |    <0.001 |
|             ram_reg_7936_7999_0_2    |    <0.001 |
|             ram_reg_7936_7999_12_14  |    <0.001 |
|             ram_reg_7936_7999_15_17  |    <0.001 |
|             ram_reg_7936_7999_18_20  |    <0.001 |
|             ram_reg_7936_7999_21_23  |    <0.001 |
|             ram_reg_7936_7999_3_5    |    <0.001 |
|             ram_reg_7936_7999_6_8    |    <0.001 |
|             ram_reg_7936_7999_9_11   |    <0.001 |
|             ram_reg_8000_8063_0_2    |    <0.001 |
|             ram_reg_8000_8063_12_14  |    <0.001 |
|             ram_reg_8000_8063_15_17  |    <0.001 |
|             ram_reg_8000_8063_18_20  |    <0.001 |
|             ram_reg_8000_8063_21_23  |    <0.001 |
|             ram_reg_8000_8063_3_5    |    <0.001 |
|             ram_reg_8000_8063_6_8    |    <0.001 |
|             ram_reg_8000_8063_9_11   |    <0.001 |
|             ram_reg_8064_8127_0_2    |    <0.001 |
|             ram_reg_8064_8127_12_14  |    <0.001 |
|             ram_reg_8064_8127_15_17  |    <0.001 |
|             ram_reg_8064_8127_18_20  |    <0.001 |
|             ram_reg_8064_8127_21_23  |    <0.001 |
|             ram_reg_8064_8127_3_5    |    <0.001 |
|             ram_reg_8064_8127_6_8    |    <0.001 |
|             ram_reg_8064_8127_9_11   |    <0.001 |
|             ram_reg_8128_8191_0_2    |    <0.001 |
|             ram_reg_8128_8191_12_14  |    <0.001 |
|             ram_reg_8128_8191_15_17  |    <0.001 |
|             ram_reg_8128_8191_18_20  |    <0.001 |
|             ram_reg_8128_8191_21_23  |    <0.001 |
|             ram_reg_8128_8191_3_5    |    <0.001 |
|             ram_reg_8128_8191_6_8    |    <0.001 |
|             ram_reg_8128_8191_9_11   |    <0.001 |
|             ram_reg_8192_8255_0_2    |    <0.001 |
|             ram_reg_8192_8255_12_14  |    <0.001 |
|             ram_reg_8192_8255_15_17  |    <0.001 |
|             ram_reg_8192_8255_18_20  |    <0.001 |
|             ram_reg_8192_8255_21_23  |    <0.001 |
|             ram_reg_8192_8255_3_5    |    <0.001 |
|             ram_reg_8192_8255_6_8    |    <0.001 |
|             ram_reg_8192_8255_9_11   |    <0.001 |
|             ram_reg_8256_8319_0_2    |    <0.001 |
|             ram_reg_8256_8319_12_14  |    <0.001 |
|             ram_reg_8256_8319_15_17  |    <0.001 |
|             ram_reg_8256_8319_18_20  |    <0.001 |
|             ram_reg_8256_8319_21_23  |    <0.001 |
|             ram_reg_8256_8319_3_5    |    <0.001 |
|             ram_reg_8256_8319_6_8    |    <0.001 |
|             ram_reg_8256_8319_9_11   |    <0.001 |
|             ram_reg_8320_8383_0_2    |    <0.001 |
|             ram_reg_8320_8383_12_14  |    <0.001 |
|             ram_reg_8320_8383_15_17  |    <0.001 |
|             ram_reg_8320_8383_18_20  |    <0.001 |
|             ram_reg_8320_8383_21_23  |    <0.001 |
|             ram_reg_8320_8383_3_5    |    <0.001 |
|             ram_reg_8320_8383_6_8    |    <0.001 |
|             ram_reg_8320_8383_9_11   |    <0.001 |
|             ram_reg_832_895_0_2      |    <0.001 |
|             ram_reg_832_895_12_14    |    <0.001 |
|             ram_reg_832_895_15_17    |    <0.001 |
|             ram_reg_832_895_18_20    |    <0.001 |
|             ram_reg_832_895_21_23    |    <0.001 |
|             ram_reg_832_895_3_5      |    <0.001 |
|             ram_reg_832_895_6_8      |    <0.001 |
|             ram_reg_832_895_9_11     |    <0.001 |
|             ram_reg_8384_8447_0_2    |    <0.001 |
|             ram_reg_8384_8447_12_14  |    <0.001 |
|             ram_reg_8384_8447_15_17  |    <0.001 |
|             ram_reg_8384_8447_18_20  |    <0.001 |
|             ram_reg_8384_8447_21_23  |    <0.001 |
|             ram_reg_8384_8447_3_5    |    <0.001 |
|             ram_reg_8384_8447_6_8    |    <0.001 |
|             ram_reg_8384_8447_9_11   |    <0.001 |
|             ram_reg_8448_8511_0_2    |    <0.001 |
|             ram_reg_8448_8511_12_14  |    <0.001 |
|             ram_reg_8448_8511_15_17  |    <0.001 |
|             ram_reg_8448_8511_18_20  |    <0.001 |
|             ram_reg_8448_8511_21_23  |    <0.001 |
|             ram_reg_8448_8511_3_5    |    <0.001 |
|             ram_reg_8448_8511_6_8    |    <0.001 |
|             ram_reg_8448_8511_9_11   |    <0.001 |
|             ram_reg_8512_8575_0_2    |    <0.001 |
|             ram_reg_8512_8575_12_14  |    <0.001 |
|             ram_reg_8512_8575_15_17  |    <0.001 |
|             ram_reg_8512_8575_18_20  |    <0.001 |
|             ram_reg_8512_8575_21_23  |    <0.001 |
|             ram_reg_8512_8575_3_5    |    <0.001 |
|             ram_reg_8512_8575_6_8    |    <0.001 |
|             ram_reg_8512_8575_9_11   |    <0.001 |
|             ram_reg_8576_8639_0_2    |    <0.001 |
|             ram_reg_8576_8639_12_14  |    <0.001 |
|             ram_reg_8576_8639_15_17  |    <0.001 |
|             ram_reg_8576_8639_18_20  |    <0.001 |
|             ram_reg_8576_8639_21_23  |    <0.001 |
|             ram_reg_8576_8639_3_5    |    <0.001 |
|             ram_reg_8576_8639_6_8    |    <0.001 |
|             ram_reg_8576_8639_9_11   |    <0.001 |
|             ram_reg_8640_8703_0_2    |    <0.001 |
|             ram_reg_8640_8703_12_14  |    <0.001 |
|             ram_reg_8640_8703_15_17  |    <0.001 |
|             ram_reg_8640_8703_18_20  |    <0.001 |
|             ram_reg_8640_8703_21_23  |    <0.001 |
|             ram_reg_8640_8703_3_5    |    <0.001 |
|             ram_reg_8640_8703_6_8    |    <0.001 |
|             ram_reg_8640_8703_9_11   |    <0.001 |
|             ram_reg_8704_8767_0_2    |    <0.001 |
|             ram_reg_8704_8767_12_14  |    <0.001 |
|             ram_reg_8704_8767_15_17  |    <0.001 |
|             ram_reg_8704_8767_18_20  |    <0.001 |
|             ram_reg_8704_8767_21_23  |    <0.001 |
|             ram_reg_8704_8767_3_5    |    <0.001 |
|             ram_reg_8704_8767_6_8    |    <0.001 |
|             ram_reg_8704_8767_9_11   |    <0.001 |
|             ram_reg_8768_8831_0_2    |    <0.001 |
|             ram_reg_8768_8831_12_14  |    <0.001 |
|             ram_reg_8768_8831_15_17  |    <0.001 |
|             ram_reg_8768_8831_18_20  |    <0.001 |
|             ram_reg_8768_8831_21_23  |    <0.001 |
|             ram_reg_8768_8831_3_5    |    <0.001 |
|             ram_reg_8768_8831_6_8    |    <0.001 |
|             ram_reg_8768_8831_9_11   |    <0.001 |
|             ram_reg_8832_8895_0_2    |    <0.001 |
|             ram_reg_8832_8895_12_14  |    <0.001 |
|             ram_reg_8832_8895_15_17  |    <0.001 |
|             ram_reg_8832_8895_18_20  |    <0.001 |
|             ram_reg_8832_8895_21_23  |    <0.001 |
|             ram_reg_8832_8895_3_5    |    <0.001 |
|             ram_reg_8832_8895_6_8    |    <0.001 |
|             ram_reg_8832_8895_9_11   |    <0.001 |
|             ram_reg_8896_8959_0_2    |    <0.001 |
|             ram_reg_8896_8959_12_14  |    <0.001 |
|             ram_reg_8896_8959_15_17  |    <0.001 |
|             ram_reg_8896_8959_18_20  |    <0.001 |
|             ram_reg_8896_8959_21_23  |    <0.001 |
|             ram_reg_8896_8959_3_5    |    <0.001 |
|             ram_reg_8896_8959_6_8    |    <0.001 |
|             ram_reg_8896_8959_9_11   |    <0.001 |
|             ram_reg_8960_9023_0_2    |    <0.001 |
|             ram_reg_8960_9023_12_14  |    <0.001 |
|             ram_reg_8960_9023_15_17  |    <0.001 |
|             ram_reg_8960_9023_18_20  |    <0.001 |
|             ram_reg_8960_9023_21_23  |    <0.001 |
|             ram_reg_8960_9023_3_5    |    <0.001 |
|             ram_reg_8960_9023_6_8    |    <0.001 |
|             ram_reg_8960_9023_9_11   |    <0.001 |
|             ram_reg_896_959_0_2      |    <0.001 |
|             ram_reg_896_959_12_14    |    <0.001 |
|             ram_reg_896_959_15_17    |    <0.001 |
|             ram_reg_896_959_18_20    |    <0.001 |
|             ram_reg_896_959_21_23    |    <0.001 |
|             ram_reg_896_959_3_5      |    <0.001 |
|             ram_reg_896_959_6_8      |    <0.001 |
|             ram_reg_896_959_9_11     |    <0.001 |
|             ram_reg_9024_9087_0_2    |    <0.001 |
|             ram_reg_9024_9087_12_14  |    <0.001 |
|             ram_reg_9024_9087_15_17  |    <0.001 |
|             ram_reg_9024_9087_18_20  |    <0.001 |
|             ram_reg_9024_9087_21_23  |    <0.001 |
|             ram_reg_9024_9087_3_5    |    <0.001 |
|             ram_reg_9024_9087_6_8    |    <0.001 |
|             ram_reg_9024_9087_9_11   |    <0.001 |
|             ram_reg_9088_9151_0_2    |    <0.001 |
|             ram_reg_9088_9151_12_14  |    <0.001 |
|             ram_reg_9088_9151_15_17  |    <0.001 |
|             ram_reg_9088_9151_18_20  |    <0.001 |
|             ram_reg_9088_9151_21_23  |    <0.001 |
|             ram_reg_9088_9151_3_5    |    <0.001 |
|             ram_reg_9088_9151_6_8    |    <0.001 |
|             ram_reg_9088_9151_9_11   |    <0.001 |
|             ram_reg_9152_9215_0_2    |    <0.001 |
|             ram_reg_9152_9215_12_14  |    <0.001 |
|             ram_reg_9152_9215_15_17  |    <0.001 |
|             ram_reg_9152_9215_18_20  |    <0.001 |
|             ram_reg_9152_9215_21_23  |    <0.001 |
|             ram_reg_9152_9215_3_5    |    <0.001 |
|             ram_reg_9152_9215_6_8    |    <0.001 |
|             ram_reg_9152_9215_9_11   |    <0.001 |
|             ram_reg_9216_9279_0_2    |    <0.001 |
|             ram_reg_9216_9279_12_14  |    <0.001 |
|             ram_reg_9216_9279_15_17  |    <0.001 |
|             ram_reg_9216_9279_18_20  |    <0.001 |
|             ram_reg_9216_9279_21_23  |    <0.001 |
|             ram_reg_9216_9279_3_5    |    <0.001 |
|             ram_reg_9216_9279_6_8    |    <0.001 |
|             ram_reg_9216_9279_9_11   |    <0.001 |
|             ram_reg_9280_9343_0_2    |    <0.001 |
|             ram_reg_9280_9343_12_14  |    <0.001 |
|             ram_reg_9280_9343_15_17  |    <0.001 |
|             ram_reg_9280_9343_18_20  |    <0.001 |
|             ram_reg_9280_9343_21_23  |    <0.001 |
|             ram_reg_9280_9343_3_5    |    <0.001 |
|             ram_reg_9280_9343_6_8    |    <0.001 |
|             ram_reg_9280_9343_9_11   |    <0.001 |
|             ram_reg_9344_9407_0_2    |    <0.001 |
|             ram_reg_9344_9407_12_14  |    <0.001 |
|             ram_reg_9344_9407_15_17  |    <0.001 |
|             ram_reg_9344_9407_18_20  |    <0.001 |
|             ram_reg_9344_9407_21_23  |    <0.001 |
|             ram_reg_9344_9407_3_5    |    <0.001 |
|             ram_reg_9344_9407_6_8    |    <0.001 |
|             ram_reg_9344_9407_9_11   |    <0.001 |
|             ram_reg_9408_9471_0_2    |    <0.001 |
|             ram_reg_9408_9471_12_14  |    <0.001 |
|             ram_reg_9408_9471_15_17  |    <0.001 |
|             ram_reg_9408_9471_18_20  |    <0.001 |
|             ram_reg_9408_9471_21_23  |    <0.001 |
|             ram_reg_9408_9471_3_5    |    <0.001 |
|             ram_reg_9408_9471_6_8    |    <0.001 |
|             ram_reg_9408_9471_9_11   |    <0.001 |
|             ram_reg_9472_9535_0_2    |    <0.001 |
|             ram_reg_9472_9535_12_14  |    <0.001 |
|             ram_reg_9472_9535_15_17  |    <0.001 |
|             ram_reg_9472_9535_18_20  |    <0.001 |
|             ram_reg_9472_9535_21_23  |    <0.001 |
|             ram_reg_9472_9535_3_5    |    <0.001 |
|             ram_reg_9472_9535_6_8    |    <0.001 |
|             ram_reg_9472_9535_9_11   |    <0.001 |
|             ram_reg_9536_9599_0_2    |    <0.001 |
|             ram_reg_9536_9599_12_14  |    <0.001 |
|             ram_reg_9536_9599_15_17  |    <0.001 |
|             ram_reg_9536_9599_18_20  |    <0.001 |
|             ram_reg_9536_9599_21_23  |    <0.001 |
|             ram_reg_9536_9599_3_5    |    <0.001 |
|             ram_reg_9536_9599_6_8    |    <0.001 |
|             ram_reg_9536_9599_9_11   |    <0.001 |
|             ram_reg_9600_9663_0_2    |    <0.001 |
|             ram_reg_9600_9663_12_14  |    <0.001 |
|             ram_reg_9600_9663_15_17  |    <0.001 |
|             ram_reg_9600_9663_18_20  |    <0.001 |
|             ram_reg_9600_9663_21_23  |    <0.001 |
|             ram_reg_9600_9663_3_5    |    <0.001 |
|             ram_reg_9600_9663_6_8    |    <0.001 |
|             ram_reg_9600_9663_9_11   |    <0.001 |
|             ram_reg_960_1023_0_2     |    <0.001 |
|             ram_reg_960_1023_12_14   |    <0.001 |
|             ram_reg_960_1023_15_17   |    <0.001 |
|             ram_reg_960_1023_18_20   |    <0.001 |
|             ram_reg_960_1023_21_23   |    <0.001 |
|             ram_reg_960_1023_3_5     |    <0.001 |
|             ram_reg_960_1023_6_8     |    <0.001 |
|             ram_reg_960_1023_9_11    |    <0.001 |
|             ram_reg_9664_9727_0_2    |    <0.001 |
|             ram_reg_9664_9727_12_14  |    <0.001 |
|             ram_reg_9664_9727_15_17  |    <0.001 |
|             ram_reg_9664_9727_18_20  |    <0.001 |
|             ram_reg_9664_9727_21_23  |    <0.001 |
|             ram_reg_9664_9727_3_5    |    <0.001 |
|             ram_reg_9664_9727_6_8    |    <0.001 |
|             ram_reg_9664_9727_9_11   |    <0.001 |
|             ram_reg_9728_9791_0_2    |    <0.001 |
|             ram_reg_9728_9791_12_14  |    <0.001 |
|             ram_reg_9728_9791_15_17  |    <0.001 |
|             ram_reg_9728_9791_18_20  |    <0.001 |
|             ram_reg_9728_9791_21_23  |    <0.001 |
|             ram_reg_9728_9791_3_5    |    <0.001 |
|             ram_reg_9728_9791_6_8    |    <0.001 |
|             ram_reg_9728_9791_9_11   |    <0.001 |
|             ram_reg_9792_9855_0_2    |    <0.001 |
|             ram_reg_9792_9855_12_14  |    <0.001 |
|             ram_reg_9792_9855_15_17  |    <0.001 |
|             ram_reg_9792_9855_18_20  |    <0.001 |
|             ram_reg_9792_9855_21_23  |    <0.001 |
|             ram_reg_9792_9855_3_5    |    <0.001 |
|             ram_reg_9792_9855_6_8    |    <0.001 |
|             ram_reg_9792_9855_9_11   |    <0.001 |
|             ram_reg_9856_9919_0_2    |    <0.001 |
|             ram_reg_9856_9919_12_14  |    <0.001 |
|             ram_reg_9856_9919_15_17  |    <0.001 |
|             ram_reg_9856_9919_18_20  |    <0.001 |
|             ram_reg_9856_9919_21_23  |    <0.001 |
|             ram_reg_9856_9919_3_5    |    <0.001 |
|             ram_reg_9856_9919_6_8    |    <0.001 |
|             ram_reg_9856_9919_9_11   |    <0.001 |
|             ram_reg_9920_9983_0_2    |    <0.001 |
|             ram_reg_9920_9983_12_14  |    <0.001 |
|             ram_reg_9920_9983_15_17  |    <0.001 |
|             ram_reg_9920_9983_18_20  |    <0.001 |
|             ram_reg_9920_9983_21_23  |    <0.001 |
|             ram_reg_9920_9983_3_5    |    <0.001 |
|             ram_reg_9920_9983_6_8    |    <0.001 |
|             ram_reg_9920_9983_9_11   |    <0.001 |
|             ram_reg_9984_10047_0_2   |    <0.001 |
|             ram_reg_9984_10047_12_14 |    <0.001 |
|             ram_reg_9984_10047_15_17 |    <0.001 |
|             ram_reg_9984_10047_18_20 |    <0.001 |
|             ram_reg_9984_10047_21_23 |    <0.001 |
|             ram_reg_9984_10047_3_5   |    <0.001 |
|             ram_reg_9984_10047_6_8   |    <0.001 |
|             ram_reg_9984_10047_9_11  |    <0.001 |
|   nolabel_line62                     |     0.038 |
|     nolabel_line48                   |     0.007 |
|       U0                             |     0.007 |
|         synth_options.dist_mem_inst  |     0.007 |
|           gen_sdp_ram.sdpram_inst    |     0.007 |
|             ram_reg_0_63_0_2         |    <0.001 |
|             ram_reg_0_63_12_14       |    <0.001 |
|             ram_reg_0_63_15_17       |    <0.001 |
|             ram_reg_0_63_18_20       |    <0.001 |
|             ram_reg_0_63_21_23       |    <0.001 |
|             ram_reg_0_63_3_5         |    <0.001 |
|             ram_reg_0_63_6_8         |    <0.001 |
|             ram_reg_0_63_9_11        |    <0.001 |
|             ram_reg_128_191_0_2      |    <0.001 |
|             ram_reg_128_191_12_14    |    <0.001 |
|             ram_reg_128_191_15_17    |    <0.001 |
|             ram_reg_128_191_18_20    |    <0.001 |
|             ram_reg_128_191_21_23    |    <0.001 |
|             ram_reg_128_191_3_5      |    <0.001 |
|             ram_reg_128_191_6_8      |    <0.001 |
|             ram_reg_128_191_9_11     |    <0.001 |
|             ram_reg_192_255_0_2      |    <0.001 |
|             ram_reg_192_255_12_14    |    <0.001 |
|             ram_reg_192_255_15_17    |    <0.001 |
|             ram_reg_192_255_18_20    |    <0.001 |
|             ram_reg_192_255_21_23    |    <0.001 |
|             ram_reg_192_255_3_5      |    <0.001 |
|             ram_reg_192_255_6_8      |    <0.001 |
|             ram_reg_192_255_9_11     |    <0.001 |
|             ram_reg_256_319_0_2      |    <0.001 |
|             ram_reg_256_319_12_14    |    <0.001 |
|             ram_reg_256_319_15_17    |    <0.001 |
|             ram_reg_256_319_18_20    |    <0.001 |
|             ram_reg_256_319_21_23    |    <0.001 |
|             ram_reg_256_319_3_5      |    <0.001 |
|             ram_reg_256_319_6_8      |    <0.001 |
|             ram_reg_256_319_9_11     |    <0.001 |
|             ram_reg_320_383_0_2      |    <0.001 |
|             ram_reg_320_383_12_14    |    <0.001 |
|             ram_reg_320_383_15_17    |    <0.001 |
|             ram_reg_320_383_18_20    |    <0.001 |
|             ram_reg_320_383_21_23    |    <0.001 |
|             ram_reg_320_383_3_5      |    <0.001 |
|             ram_reg_320_383_6_8      |    <0.001 |
|             ram_reg_320_383_9_11     |    <0.001 |
|             ram_reg_384_447_0_2      |    <0.001 |
|             ram_reg_384_447_12_14    |    <0.001 |
|             ram_reg_384_447_15_17    |    <0.001 |
|             ram_reg_384_447_18_20    |    <0.001 |
|             ram_reg_384_447_21_23    |    <0.001 |
|             ram_reg_384_447_3_5      |    <0.001 |
|             ram_reg_384_447_6_8      |    <0.001 |
|             ram_reg_384_447_9_11     |    <0.001 |
|             ram_reg_448_511_0_2      |    <0.001 |
|             ram_reg_448_511_12_14    |    <0.001 |
|             ram_reg_448_511_15_17    |    <0.001 |
|             ram_reg_448_511_18_20    |    <0.001 |
|             ram_reg_448_511_21_23    |    <0.001 |
|             ram_reg_448_511_3_5      |    <0.001 |
|             ram_reg_448_511_6_8      |    <0.001 |
|             ram_reg_448_511_9_11     |    <0.001 |
|             ram_reg_512_575_0_2      |    <0.001 |
|             ram_reg_512_575_12_14    |    <0.001 |
|             ram_reg_512_575_15_17    |    <0.001 |
|             ram_reg_512_575_18_20    |    <0.001 |
|             ram_reg_512_575_21_23    |    <0.001 |
|             ram_reg_512_575_3_5      |    <0.001 |
|             ram_reg_512_575_6_8      |    <0.001 |
|             ram_reg_512_575_9_11     |    <0.001 |
|             ram_reg_576_639_0_2      |    <0.001 |
|             ram_reg_576_639_12_14    |    <0.001 |
|             ram_reg_576_639_15_17    |    <0.001 |
|             ram_reg_576_639_18_20    |    <0.001 |
|             ram_reg_576_639_21_23    |    <0.001 |
|             ram_reg_576_639_3_5      |    <0.001 |
|             ram_reg_576_639_6_8      |    <0.001 |
|             ram_reg_576_639_9_11     |    <0.001 |
|             ram_reg_640_703_0_2      |    <0.001 |
|             ram_reg_640_703_12_14    |    <0.001 |
|             ram_reg_640_703_15_17    |    <0.001 |
|             ram_reg_640_703_18_20    |    <0.001 |
|             ram_reg_640_703_21_23    |    <0.001 |
|             ram_reg_640_703_3_5      |    <0.001 |
|             ram_reg_640_703_6_8      |    <0.001 |
|             ram_reg_640_703_9_11     |    <0.001 |
|             ram_reg_64_127_0_2       |    <0.001 |
|             ram_reg_64_127_12_14     |    <0.001 |
|             ram_reg_64_127_15_17     |    <0.001 |
|             ram_reg_64_127_18_20     |    <0.001 |
|             ram_reg_64_127_21_23     |    <0.001 |
|             ram_reg_64_127_3_5       |    <0.001 |
|             ram_reg_64_127_6_8       |    <0.001 |
|             ram_reg_64_127_9_11      |    <0.001 |
|             ram_reg_704_767_0_2      |    <0.001 |
|             ram_reg_704_767_12_14    |    <0.001 |
|             ram_reg_704_767_15_17    |    <0.001 |
|             ram_reg_704_767_18_20    |    <0.001 |
|             ram_reg_704_767_21_23    |    <0.001 |
|             ram_reg_704_767_3_5      |    <0.001 |
|             ram_reg_704_767_6_8      |    <0.001 |
|             ram_reg_704_767_9_11     |    <0.001 |
|             ram_reg_768_831_0_2      |    <0.001 |
|             ram_reg_768_831_12_14    |    <0.001 |
|             ram_reg_768_831_15_17    |    <0.001 |
|             ram_reg_768_831_18_20    |    <0.001 |
|             ram_reg_768_831_21_23    |    <0.001 |
|             ram_reg_768_831_3_5      |    <0.001 |
|             ram_reg_768_831_6_8      |    <0.001 |
|             ram_reg_768_831_9_11     |    <0.001 |
|             ram_reg_832_895_0_2      |    <0.001 |
|             ram_reg_832_895_12_14    |    <0.001 |
|             ram_reg_832_895_15_17    |    <0.001 |
|             ram_reg_832_895_18_20    |    <0.001 |
|             ram_reg_832_895_21_23    |    <0.001 |
|             ram_reg_832_895_3_5      |    <0.001 |
|             ram_reg_832_895_6_8      |    <0.001 |
|             ram_reg_832_895_9_11     |    <0.001 |
|             ram_reg_896_959_0_2      |    <0.001 |
|             ram_reg_896_959_12_14    |    <0.001 |
|             ram_reg_896_959_15_17    |    <0.001 |
|             ram_reg_896_959_18_20    |    <0.001 |
|             ram_reg_896_959_21_23    |    <0.001 |
|             ram_reg_896_959_3_5      |    <0.001 |
|             ram_reg_896_959_6_8      |    <0.001 |
|             ram_reg_896_959_9_11     |    <0.001 |
|   nolabel_line64                     |     0.137 |
|   nolabel_line66                     |    <0.001 |
|   nolabel_line70                     |     0.135 |
|     inst                             |     0.135 |
|   nolabel_line72                     |     0.001 |
|   nolabel_line78                     |    <0.001 |
+--------------------------------------+-----------+


